<?xml version="1.0" encoding="UTF-8"?>
<testsuite name="com.mhp.coding.challenges.dependency.InquiryTest" tests="1" skipped="0" failures="0" errors="0" timestamp="2022-12-02T10:31:52" hostname="AWEPERI" time="0.41">
  <properties/>
  <testcase name="testInquiryHandlers()" classname="com.mhp.coding.challenges.dependency.InquiryTest" time="0.41"/>
  <system-out><![CDATA[10:31:48.531 [Test worker] DEBUG org.springframework.test.context.BootstrapUtils - Instantiating CacheAwareContextLoaderDelegate from class [org.springframework.test.context.cache.DefaultCacheAwareContextLoaderDelegate]
10:31:48.561 [Test worker] DEBUG org.springframework.test.context.BootstrapUtils - Instantiating BootstrapContext using constructor [public org.springframework.test.context.support.DefaultBootstrapContext(java.lang.Class,org.springframework.test.context.CacheAwareContextLoaderDelegate)]
10:31:48.607 [Test worker] DEBUG org.springframework.test.context.BootstrapUtils - Instantiating TestContextBootstrapper for test class [com.mhp.coding.challenges.dependency.InquiryTest] from class [org.springframework.test.context.support.DefaultTestContextBootstrapper]
10:31:48.641 [Test worker] DEBUG org.springframework.test.context.support.AbstractDelegatingSmartContextLoader - Delegating to AnnotationConfigContextLoader to process context configuration [ContextConfigurationAttributes@7f3bd69b declaringClass = 'com.mhp.coding.challenges.dependency.InquiryTest', classes = '{class com.mhp.coding.challenges.dependency.Application}', locations = '{}', inheritLocations = true, initializers = '{}', inheritInitializers = true, name = [null], contextLoaderClass = 'org.springframework.test.context.ContextLoader'].
10:31:48.753 [Test worker] DEBUG org.springframework.test.context.support.ActiveProfilesUtils - Could not find an 'annotation declaring class' for annotation type [org.springframework.test.context.ActiveProfiles] and class [com.mhp.coding.challenges.dependency.InquiryTest]
10:31:48.755 [Test worker] DEBUG org.springframework.test.context.support.DefaultTestContextBootstrapper - @TestExecutionListeners is not present for class [com.mhp.coding.challenges.dependency.InquiryTest]: using defaults.
10:31:48.756 [Test worker] INFO org.springframework.test.context.support.DefaultTestContextBootstrapper - Loaded default TestExecutionListener class names from location [META-INF/spring.factories]: [com.ninjasquad.springmockk.MockkTestExecutionListener, com.ninjasquad.springmockk.ClearMocksTestExecutionListener, org.springframework.boot.test.autoconfigure.restdocs.RestDocsTestExecutionListener, org.springframework.boot.test.autoconfigure.web.client.MockRestServiceServerResetTestExecutionListener, org.springframework.boot.test.autoconfigure.web.servlet.MockMvcPrintOnlyOnFailureTestExecutionListener, org.springframework.boot.test.autoconfigure.web.servlet.WebDriverTestExecutionListener, org.springframework.boot.test.autoconfigure.webservices.client.MockWebServiceServerTestExecutionListener, org.springframework.boot.test.mock.mockito.MockitoTestExecutionListener, org.springframework.boot.test.mock.mockito.ResetMocksTestExecutionListener, org.springframework.test.context.web.ServletTestExecutionListener, org.springframework.test.context.support.DirtiesContextBeforeModesTestExecutionListener, org.springframework.test.context.support.DependencyInjectionTestExecutionListener, org.springframework.test.context.support.DirtiesContextTestExecutionListener, org.springframework.test.context.transaction.TransactionalTestExecutionListener, org.springframework.test.context.jdbc.SqlScriptsTestExecutionListener, org.springframework.test.context.event.EventPublishingTestExecutionListener]
10:31:49.089 [Test worker] DEBUG org.springframework.test.context.support.DefaultTestContextBootstrapper - Skipping candidate TestExecutionListener [org.springframework.test.context.web.ServletTestExecutionListener] due to a missing dependency. Specify custom listener classes or make the default listener classes and their required dependencies available. Offending class: [javax/servlet/ServletContext]
10:31:49.092 [Test worker] DEBUG org.springframework.test.context.support.DefaultTestContextBootstrapper - Skipping candidate TestExecutionListener [org.springframework.test.context.transaction.TransactionalTestExecutionListener] due to a missing dependency. Specify custom listener classes or make the default listener classes and their required dependencies available. Offending class: [org/springframework/transaction/interceptor/TransactionAttributeSource]
10:31:49.092 [Test worker] DEBUG org.springframework.test.context.support.DefaultTestContextBootstrapper - Skipping candidate TestExecutionListener [org.springframework.test.context.jdbc.SqlScriptsTestExecutionListener] due to a missing dependency. Specify custom listener classes or make the default listener classes and their required dependencies available. Offending class: [org/springframework/transaction/interceptor/TransactionAttribute]
10:31:49.093 [Test worker] INFO org.springframework.test.context.support.DefaultTestContextBootstrapper - Using TestExecutionListeners: [org.springframework.test.context.support.DirtiesContextBeforeModesTestExecutionListener@42949eeb, com.ninjasquad.springmockk.MockkTestExecutionListener@124d60a2, org.springframework.boot.test.mock.mockito.MockitoTestExecutionListener@357b0f72, org.springframework.test.context.support.DependencyInjectionTestExecutionListener@1ed86db2, org.springframework.test.context.support.DirtiesContextTestExecutionListener@785ddb44, org.springframework.test.context.event.EventPublishingTestExecutionListener@16cec9d, com.ninjasquad.springmockk.ClearMocksTestExecutionListener@6c81735d, org.springframework.boot.test.autoconfigure.restdocs.RestDocsTestExecutionListener@31692682, org.springframework.boot.test.autoconfigure.web.client.MockRestServiceServerResetTestExecutionListener@27784c10, org.springframework.boot.test.autoconfigure.web.servlet.MockMvcPrintOnlyOnFailureTestExecutionListener@41164466, org.springframework.boot.test.autoconfigure.web.servlet.WebDriverTestExecutionListener@26eacc82, org.springframework.boot.test.autoconfigure.webservices.client.MockWebServiceServerTestExecutionListener@5e4fb3eb, org.springframework.boot.test.mock.mockito.ResetMocksTestExecutionListener@3bb26cfe]
10:31:49.096 [Test worker] DEBUG org.springframework.test.context.support.AbstractDirtiesContextTestExecutionListener - Before test class: context [DefaultTestContext@31a27574 testClass = InquiryTest, testInstance = [null], testMethod = [null], testException = [null], mergedContextConfiguration = [MergedContextConfiguration@6064e19e testClass = InquiryTest, locations = '{}', classes = '{class com.mhp.coding.challenges.dependency.Application}', contextInitializerClasses = '[]', activeProfiles = '{}', propertySourceLocations = '{}', propertySourceProperties = '{}', contextCustomizers = set[MockkContextCustomizer(definitions=[[SpykDefinition@734de0e3 name = [null], typeToSpy = com.mhp.coding.challenges.dependency.notifications.EmailHandler, clear = AFTER], [SpykDefinition@436e8637 name = [null], typeToSpy = com.mhp.coding.challenges.dependency.notifications.PushNotificationHandler, clear = AFTER]]), org.springframework.boot.test.autoconfigure.actuate.metrics.MetricsExportContextCustomizerFactory$DisableMetricExportContextCustomizer@3c60e6e4, org.springframework.boot.test.autoconfigure.properties.PropertyMappingContextCustomizer@0, org.springframework.boot.test.autoconfigure.web.servlet.WebDriverContextCustomizerFactory$Customizer@56f3dacf, org.springframework.boot.test.context.filter.ExcludeFilterContextCustomizer@4eeb13b6, org.springframework.boot.test.json.DuplicateJsonObjectContextCustomizerFactory$DuplicateJsonObjectContextCustomizer@7f7f20e, org.springframework.boot.test.mock.mockito.MockitoContextCustomizer@0], contextLoader = 'org.springframework.test.context.support.DelegatingSmartContextLoader', parent = [null]], attributes = map[[empty]]], class annotated with @DirtiesContext [false] with mode [null].
10:31:49.114 [Test worker] DEBUG org.springframework.test.context.support.AbstractDelegatingSmartContextLoader - Delegating to AnnotationConfigContextLoader to load context from [MergedContextConfiguration@6064e19e testClass = InquiryTest, locations = '{}', classes = '{class com.mhp.coding.challenges.dependency.Application}', contextInitializerClasses = '[]', activeProfiles = '{}', propertySourceLocations = '{}', propertySourceProperties = '{}', contextCustomizers = set[MockkContextCustomizer(definitions=[[SpykDefinition@734de0e3 name = [null], typeToSpy = com.mhp.coding.challenges.dependency.notifications.EmailHandler, clear = AFTER], [SpykDefinition@436e8637 name = [null], typeToSpy = com.mhp.coding.challenges.dependency.notifications.PushNotificationHandler, clear = AFTER]]), org.springframework.boot.test.autoconfigure.actuate.metrics.MetricsExportContextCustomizerFactory$DisableMetricExportContextCustomizer@3c60e6e4, org.springframework.boot.test.autoconfigure.properties.PropertyMappingContextCustomizer@0, org.springframework.boot.test.autoconfigure.web.servlet.WebDriverContextCustomizerFactory$Customizer@56f3dacf, org.springframework.boot.test.context.filter.ExcludeFilterContextCustomizer@4eeb13b6, org.springframework.boot.test.json.DuplicateJsonObjectContextCustomizerFactory$DuplicateJsonObjectContextCustomizer@7f7f20e, org.springframework.boot.test.mock.mockito.MockitoContextCustomizer@0], contextLoader = 'org.springframework.test.context.support.DelegatingSmartContextLoader', parent = [null]].
10:31:49.114 [Test worker] DEBUG org.springframework.test.context.support.AbstractGenericContextLoader - Loading ApplicationContext for merged context configuration [[MergedContextConfiguration@6064e19e testClass = InquiryTest, locations = '{}', classes = '{class com.mhp.coding.challenges.dependency.Application}', contextInitializerClasses = '[]', activeProfiles = '{}', propertySourceLocations = '{}', propertySourceProperties = '{}', contextCustomizers = set[MockkContextCustomizer(definitions=[[SpykDefinition@734de0e3 name = [null], typeToSpy = com.mhp.coding.challenges.dependency.notifications.EmailHandler, clear = AFTER], [SpykDefinition@436e8637 name = [null], typeToSpy = com.mhp.coding.challenges.dependency.notifications.PushNotificationHandler, clear = AFTER]]), org.springframework.boot.test.autoconfigure.actuate.metrics.MetricsExportContextCustomizerFactory$DisableMetricExportContextCustomizer@3c60e6e4, org.springframework.boot.test.autoconfigure.properties.PropertyMappingContextCustomizer@0, org.springframework.boot.test.autoconfigure.web.servlet.WebDriverContextCustomizerFactory$Customizer@56f3dacf, org.springframework.boot.test.context.filter.ExcludeFilterContextCustomizer@4eeb13b6, org.springframework.boot.test.json.DuplicateJsonObjectContextCustomizerFactory$DuplicateJsonObjectContextCustomizer@7f7f20e, org.springframework.boot.test.mock.mockito.MockitoContextCustomizer@0], contextLoader = 'org.springframework.test.context.support.DelegatingSmartContextLoader', parent = [null]]].
10:31:49.171 [Test worker] DEBUG org.springframework.core.env.StandardEnvironment - Activating profiles []
10:31:49.172 [Test worker] DEBUG org.springframework.test.context.support.AnnotationConfigContextLoader - Registering component classes: {class com.mhp.coding.challenges.dependency.Application}
10:31:49.247 [Test worker] DEBUG org.springframework.context.support.GenericApplicationContext - Refreshing org.springframework.context.support.GenericApplicationContext@449a7bec
10:31:49.263 [Test worker] DEBUG org.springframework.beans.factory.support.DefaultListableBeanFactory - Creating shared instance of singleton bean 'org.springframework.context.annotation.internalConfigurationAnnotationProcessor'
10:31:49.338 [Test worker] DEBUG org.springframework.context.annotation.ClassPathBeanDefinitionScanner - Identified candidate component class: file [C:\Users\User\Documents\Emma\Full-stack-webdev-challenge\application\build\classes\kotlin\main\com\mhp\coding\challenges\dependency\InquiryConfig.class]
10:31:49.341 [Test worker] DEBUG org.springframework.context.annotation.ClassPathBeanDefinitionScanner - Identified candidate component class: URL [jar:file:/C:/Users/User/Documents/Emma/Full-stack-webdev-challenge/notifications/build/libs/notifications.jar!/com/mhp/coding/challenges/dependency/notifications/EmailHandler.class]
10:31:49.344 [Test worker] DEBUG org.springframework.context.annotation.ClassPathBeanDefinitionScanner - Identified candidate component class: URL [jar:file:/C:/Users/User/Documents/Emma/Full-stack-webdev-challenge/notifications/build/libs/notifications.jar!/com/mhp/coding/challenges/dependency/notifications/InquiryHandler.class]
10:31:49.346 [Test worker] DEBUG org.springframework.context.annotation.ClassPathBeanDefinitionScanner - Identified candidate component class: URL [jar:file:/C:/Users/User/Documents/Emma/Full-stack-webdev-challenge/notifications/build/libs/notifications.jar!/com/mhp/coding/challenges/dependency/notifications/PushNotificationHandler.class]
10:31:49.351 [Test worker] DEBUG org.springframework.context.annotation.ClassPathBeanDefinitionScanner - Identified candidate component class: URL [jar:file:/C:/Users/User/Documents/Emma/Full-stack-webdev-challenge/inquiry/build/libs/inquiry.jar!/com/mhp/coding/challenges/dependency/inquiry/InquiryService.class]
10:31:49.828 [Test worker] DEBUG org.springframework.beans.factory.support.DefaultListableBeanFactory - Creating shared instance of singleton bean 'propertySourcesPlaceholderConfigurer'
10:31:49.835 [Test worker] DEBUG org.springframework.beans.factory.support.DefaultListableBeanFactory - Creating shared instance of singleton bean 'com.ninjasquad.springmockk.MockkPostProcessor'
10:31:49.883 [Test worker] DEBUG org.springframework.beans.factory.support.DefaultListableBeanFactory - Creating shared instance of singleton bean 'org.springframework.boot.test.mock.mockito.MockitoPostProcessor'
10:31:49.892 [Test worker] DEBUG org.springframework.beans.factory.support.DefaultListableBeanFactory - Creating shared instance of singleton bean 'org.springframework.context.event.internalEventListenerProcessor'
10:31:49.894 [Test worker] DEBUG org.springframework.beans.factory.support.DefaultListableBeanFactory - Creating shared instance of singleton bean 'org.springframework.context.event.internalEventListenerFactory'
10:31:49.897 [Test worker] DEBUG org.springframework.beans.factory.support.DefaultListableBeanFactory - Creating shared instance of singleton bean 'org.springframework.context.annotation.internalAutowiredAnnotationProcessor'
10:31:49.899 [Test worker] DEBUG org.springframework.beans.factory.support.DefaultListableBeanFactory - Creating shared instance of singleton bean 'org.springframework.context.annotation.internalCommonAnnotationProcessor'
10:31:49.903 [Test worker] DEBUG org.springframework.beans.factory.support.DefaultListableBeanFactory - Creating shared instance of singleton bean 'com.ninjasquad.springmockk.MockkPostProcessor$SpyPostProcessor'
10:31:49.906 [Test worker] DEBUG org.springframework.beans.factory.support.DefaultListableBeanFactory - Creating shared instance of singleton bean 'org.springframework.boot.test.mock.mockito.MockitoPostProcessor$SpyPostProcessor'
10:31:49.907 [Test worker] DEBUG org.springframework.beans.factory.support.DefaultListableBeanFactory - Creating shared instance of singleton bean 'org.springframework.boot.context.properties.ConfigurationPropertiesBindingPostProcessor'
10:31:49.907 [Test worker] DEBUG org.springframework.beans.factory.support.DefaultListableBeanFactory - Creating shared instance of singleton bean 'org.springframework.boot.context.internalConfigurationPropertiesBinder'
10:31:49.907 [Test worker] DEBUG org.springframework.beans.factory.support.DefaultListableBeanFactory - Creating shared instance of singleton bean 'org.springframework.boot.context.internalConfigurationPropertiesBinderFactory'
10:31:49.915 [Test worker] DEBUG org.springframework.beans.factory.support.DefaultListableBeanFactory - Creating shared instance of singleton bean 'application'
10:31:49.960 [Test worker] DEBUG org.springframework.beans.factory.support.DefaultListableBeanFactory - Creating shared instance of singleton bean 'inquiryConfig'
10:31:49.961 [Test worker] DEBUG org.springframework.core.LocalVariableTableParameterNameDiscoverer - Cannot find '.class' file for class [class com.mhp.coding.challenges.dependency.InquiryConfig$$EnhancerBySpringCGLIB$$51c2ec02] - unable to determine constructor/method parameter names
10:31:49.965 [Test worker] DEBUG org.springframework.beans.factory.support.DefaultListableBeanFactory - Creating shared instance of singleton bean 'inquiryHandler'
10:31:49.971 [Test worker] DEBUG org.springframework.beans.factory.support.DefaultListableBeanFactory - Creating shared instance of singleton bean 'inquiryService'
10:31:50.014 [Test worker] DEBUG org.springframework.beans.factory.support.DefaultListableBeanFactory - Creating shared instance of singleton bean 'emailHandler'
10:31:50.647 [Test worker] DEBUG io.mockk.impl.instantiation.AbstractMockFactory - Creating spyk for EmailHandler name=emailHandler#1
10:31:51.039 [Test worker] DEBUG org.springframework.beans.factory.support.DefaultListableBeanFactory - Creating shared instance of singleton bean 'pushNotificationHandler'
10:31:51.045 [Test worker] DEBUG io.mockk.impl.instantiation.AbstractMockFactory - Creating spyk for PushNotificationHandler name=pushNotificationHandler#2
10:31:51.071 [Test worker] DEBUG org.springframework.beans.factory.support.DefaultListableBeanFactory - Autowiring by type from bean name 'inquiryHandler' via constructor to bean named 'inquiryService'
10:31:51.071 [Test worker] DEBUG org.springframework.beans.factory.support.DefaultListableBeanFactory - Autowiring by type from bean name 'inquiryHandler' via constructor to bean named 'emailHandler'
10:31:51.071 [Test worker] DEBUG org.springframework.beans.factory.support.DefaultListableBeanFactory - Autowiring by type from bean name 'inquiryHandler' via constructor to bean named 'pushNotificationHandler'
10:31:51.076 [Test worker] DEBUG org.springframework.beans.factory.support.DefaultListableBeanFactory - Autowiring by type from bean name 'inquiryConfig' via constructor to bean named 'inquiryHandler'
10:31:51.078 [Test worker] INFO org.springframework.beans.factory.annotation.AutowiredAnnotationBeanPostProcessor - Autowired annotation should only be used on methods with parameters: public void com.mhp.coding.challenges.dependency.InquiryConfig.manageInquiry()
10:31:51.111 [Test worker] INFO com.mhp.coding.challenges.dependency.inquiry.InquiryService - User sent inquiry: Inquiry(username=TestUser, recipient=service@example.com, text=Can I haz cheezburger?)
10:31:51.712 [Test worker] INFO com.mhp.coding.challenges.dependency.notifications.EmailHandler - Sending email for: Inquiry(username=TestUser, recipient=service@example.com, text=Can I haz cheezburger?)
10:31:51.715 [Test worker] DEBUG io.mockk.impl.recording.states.AnsweringState - Answering null on EmailHandler(emailHandler#1).sendEmail(Inquiry(username=TestUser, recipient=service@example.com, text=Can I haz cheezburger?))
10:31:51.720 [Test worker] INFO com.mhp.coding.challenges.dependency.notifications.PushNotificationHandler - Sending push notification for: Inquiry(username=TestUser, recipient=service@example.com, text=Can I haz cheezburger?)
10:31:51.721 [Test worker] DEBUG io.mockk.impl.recording.states.AnsweringState - Answering null on PushNotificationHandler(pushNotificationHandler#2).sendNotification(Inquiry(username=TestUser, recipient=service@example.com, text=Can I haz cheezburger?))
10:31:51.721 [Test worker] DEBUG org.springframework.beans.factory.support.DefaultListableBeanFactory - Creating shared instance of singleton bean 'org.springframework.boot.autoconfigure.AutoConfigurationPackages'
10:31:51.723 [Test worker] DEBUG org.springframework.beans.factory.support.DefaultListableBeanFactory - Creating shared instance of singleton bean 'org.springframework.boot.autoconfigure.context.PropertyPlaceholderAutoConfiguration'
10:31:51.726 [Test worker] DEBUG org.springframework.beans.factory.support.DefaultListableBeanFactory - Creating shared instance of singleton bean 'org.springframework.boot.autoconfigure.aop.AopAutoConfiguration$ClassProxyingConfiguration'
10:31:51.728 [Test worker] DEBUG org.springframework.beans.factory.support.DefaultListableBeanFactory - Autowiring by type from bean name 'org.springframework.boot.autoconfigure.aop.AopAutoConfiguration$ClassProxyingConfiguration' via constructor to bean named 'org.springframework.beans.factory.support.DefaultListableBeanFactory@52bfade7'
10:31:51.796 [Test worker] DEBUG org.springframework.beans.factory.support.DefaultListableBeanFactory - Creating shared instance of singleton bean 'org.springframework.boot.autoconfigure.aop.AopAutoConfiguration'
10:31:51.799 [Test worker] DEBUG org.springframework.beans.factory.support.DefaultListableBeanFactory - Creating shared instance of singleton bean 'org.springframework.boot.autoconfigure.availability.ApplicationAvailabilityAutoConfiguration'
10:31:51.803 [Test worker] DEBUG org.springframework.beans.factory.support.DefaultListableBeanFactory - Creating shared instance of singleton bean 'applicationAvailability'
10:31:51.820 [Test worker] DEBUG org.springframework.beans.factory.support.DefaultListableBeanFactory - Creating shared instance of singleton bean 'org.springframework.boot.autoconfigure.context.ConfigurationPropertiesAutoConfiguration'
10:31:51.823 [Test worker] DEBUG org.springframework.beans.factory.support.DefaultListableBeanFactory - Creating shared instance of singleton bean 'org.springframework.boot.context.properties.BoundConfigurationProperties'
10:31:51.825 [Test worker] DEBUG org.springframework.beans.factory.support.DefaultListableBeanFactory - Creating shared instance of singleton bean 'org.springframework.boot.context.properties.EnableConfigurationPropertiesRegistrar.methodValidationExcludeFilter'
10:31:51.862 [Test worker] DEBUG org.springframework.beans.factory.support.DefaultListableBeanFactory - Creating shared instance of singleton bean 'org.springframework.boot.autoconfigure.context.LifecycleAutoConfiguration'
10:31:51.865 [Test worker] DEBUG org.springframework.beans.factory.support.DefaultListableBeanFactory - Creating shared instance of singleton bean 'lifecycleProcessor'
10:31:51.867 [Test worker] DEBUG org.springframework.beans.factory.support.DefaultListableBeanFactory - Creating shared instance of singleton bean 'spring.lifecycle-org.springframework.boot.autoconfigure.context.LifecycleProperties'
10:31:51.919 [Test worker] DEBUG org.springframework.beans.factory.support.DefaultListableBeanFactory - Autowiring by type from bean name 'lifecycleProcessor' via factory method to bean named 'spring.lifecycle-org.springframework.boot.autoconfigure.context.LifecycleProperties'
10:31:51.932 [Test worker] DEBUG org.springframework.beans.factory.support.DefaultListableBeanFactory - Creating shared instance of singleton bean 'org.springframework.boot.autoconfigure.info.ProjectInfoAutoConfiguration'
10:31:51.938 [Test worker] DEBUG org.springframework.beans.factory.support.DefaultListableBeanFactory - Creating shared instance of singleton bean 'spring.info-org.springframework.boot.autoconfigure.info.ProjectInfoProperties'
10:31:51.949 [Test worker] DEBUG org.springframework.beans.factory.support.DefaultListableBeanFactory - Autowiring by type from bean name 'org.springframework.boot.autoconfigure.info.ProjectInfoAutoConfiguration' via constructor to bean named 'spring.info-org.springframework.boot.autoconfigure.info.ProjectInfoProperties'
10:31:51.957 [Test worker] DEBUG org.springframework.beans.factory.support.DefaultListableBeanFactory - Creating shared instance of singleton bean 'org.springframework.boot.autoconfigure.task.TaskExecutionAutoConfiguration'
10:31:51.962 [Test worker] DEBUG org.springframework.beans.factory.support.DefaultListableBeanFactory - Creating shared instance of singleton bean 'taskExecutorBuilder'
10:31:51.963 [Test worker] DEBUG org.springframework.beans.factory.support.DefaultListableBeanFactory - Creating shared instance of singleton bean 'spring.task.execution-org.springframework.boot.autoconfigure.task.TaskExecutionProperties'
10:31:51.974 [Test worker] DEBUG org.springframework.beans.factory.support.DefaultListableBeanFactory - Autowiring by type from bean name 'taskExecutorBuilder' via factory method to bean named 'spring.task.execution-org.springframework.boot.autoconfigure.task.TaskExecutionProperties'
10:31:51.983 [Test worker] DEBUG org.springframework.beans.factory.support.DefaultListableBeanFactory - Creating shared instance of singleton bean 'org.springframework.boot.autoconfigure.task.TaskSchedulingAutoConfiguration'
10:31:52.003 [Test worker] DEBUG org.springframework.beans.factory.support.DefaultListableBeanFactory - Creating shared instance of singleton bean 'taskSchedulerBuilder'
10:31:52.004 [Test worker] DEBUG org.springframework.beans.factory.support.DefaultListableBeanFactory - Creating shared instance of singleton bean 'spring.task.scheduling-org.springframework.boot.autoconfigure.task.TaskSchedulingProperties'
10:31:52.010 [Test worker] DEBUG org.springframework.beans.factory.support.DefaultListableBeanFactory - Autowiring by type from bean name 'taskSchedulerBuilder' via factory method to bean named 'spring.task.scheduling-org.springframework.boot.autoconfigure.task.TaskSchedulingProperties'
10:31:52.051 [Test worker] DEBUG org.springframework.test.context.cache.DefaultCacheAwareContextLoaderDelegate - Storing ApplicationContext [1150974956] in cache under key [[MergedContextConfiguration@6064e19e testClass = InquiryTest, locations = '{}', classes = '{class com.mhp.coding.challenges.dependency.Application}', contextInitializerClasses = '[]', activeProfiles = '{}', propertySourceLocations = '{}', propertySourceProperties = '{}', contextCustomizers = set[MockkContextCustomizer(definitions=[[SpykDefinition@734de0e3 name = [null], typeToSpy = com.mhp.coding.challenges.dependency.notifications.EmailHandler, clear = AFTER], [SpykDefinition@436e8637 name = [null], typeToSpy = com.mhp.coding.challenges.dependency.notifications.PushNotificationHandler, clear = AFTER]]), org.springframework.boot.test.autoconfigure.actuate.metrics.MetricsExportContextCustomizerFactory$DisableMetricExportContextCustomizer@3c60e6e4, org.springframework.boot.test.autoconfigure.properties.PropertyMappingContextCustomizer@0, org.springframework.boot.test.autoconfigure.web.servlet.WebDriverContextCustomizerFactory$Customizer@56f3dacf, org.springframework.boot.test.context.filter.ExcludeFilterContextCustomizer@4eeb13b6, org.springframework.boot.test.json.DuplicateJsonObjectContextCustomizerFactory$DuplicateJsonObjectContextCustomizer@7f7f20e, org.springframework.boot.test.mock.mockito.MockitoContextCustomizer@0], contextLoader = 'org.springframework.test.context.support.DelegatingSmartContextLoader', parent = [null]]]
10:31:52.052 [Test worker] DEBUG org.springframework.test.context.cache - Spring test ApplicationContext cache statistics: [DefaultContextCache@58f435c0 size = 1, maxSize = 32, parentContextCount = 0, hitCount = 0, missCount = 1]
10:31:52.103 [Test worker] DEBUG org.springframework.test.context.cache.DefaultCacheAwareContextLoaderDelegate - Retrieved ApplicationContext [1150974956] from cache with key [[MergedContextConfiguration@6064e19e testClass = InquiryTest, locations = '{}', classes = '{class com.mhp.coding.challenges.dependency.Application}', contextInitializerClasses = '[]', activeProfiles = '{}', propertySourceLocations = '{}', propertySourceProperties = '{}', contextCustomizers = set[MockkContextCustomizer(definitions=[[SpykDefinition@734de0e3 name = [null], typeToSpy = com.mhp.coding.challenges.dependency.notifications.EmailHandler, clear = AFTER], [SpykDefinition@436e8637 name = [null], typeToSpy = com.mhp.coding.challenges.dependency.notifications.PushNotificationHandler, clear = AFTER]]), org.springframework.boot.test.autoconfigure.actuate.metrics.MetricsExportContextCustomizerFactory$DisableMetricExportContextCustomizer@3c60e6e4, org.springframework.boot.test.autoconfigure.properties.PropertyMappingContextCustomizer@0, org.springframework.boot.test.autoconfigure.web.servlet.WebDriverContextCustomizerFactory$Customizer@56f3dacf, org.springframework.boot.test.context.filter.ExcludeFilterContextCustomizer@4eeb13b6, org.springframework.boot.test.json.DuplicateJsonObjectContextCustomizerFactory$DuplicateJsonObjectContextCustomizer@7f7f20e, org.springframework.boot.test.mock.mockito.MockitoContextCustomizer@0], contextLoader = 'org.springframework.test.context.support.DelegatingSmartContextLoader', parent = [null]]]
10:31:52.104 [Test worker] DEBUG org.springframework.test.context.cache - Spring test ApplicationContext cache statistics: [DefaultContextCache@58f435c0 size = 1, maxSize = 32, parentContextCount = 0, hitCount = 1, missCount = 1]
10:31:52.110 [Test worker] DEBUG org.springframework.test.context.support.DependencyInjectionTestExecutionListener - Performing dependency injection for test context [[DefaultTestContext@31a27574 testClass = InquiryTest, testInstance = com.mhp.coding.challenges.dependency.InquiryTest@7ff254b9, testMethod = [null], testException = [null], mergedContextConfiguration = [MergedContextConfiguration@6064e19e testClass = InquiryTest, locations = '{}', classes = '{class com.mhp.coding.challenges.dependency.Application}', contextInitializerClasses = '[]', activeProfiles = '{}', propertySourceLocations = '{}', propertySourceProperties = '{}', contextCustomizers = set[MockkContextCustomizer(definitions=[[SpykDefinition@734de0e3 name = [null], typeToSpy = com.mhp.coding.challenges.dependency.notifications.EmailHandler, clear = AFTER], [SpykDefinition@436e8637 name = [null], typeToSpy = com.mhp.coding.challenges.dependency.notifications.PushNotificationHandler, clear = AFTER]]), org.springframework.boot.test.autoconfigure.actuate.metrics.MetricsExportContextCustomizerFactory$DisableMetricExportContextCustomizer@3c60e6e4, org.springframework.boot.test.autoconfigure.properties.PropertyMappingContextCustomizer@0, org.springframework.boot.test.autoconfigure.web.servlet.WebDriverContextCustomizerFactory$Customizer@56f3dacf, org.springframework.boot.test.context.filter.ExcludeFilterContextCustomizer@4eeb13b6, org.springframework.boot.test.json.DuplicateJsonObjectContextCustomizerFactory$DuplicateJsonObjectContextCustomizer@7f7f20e, org.springframework.boot.test.mock.mockito.MockitoContextCustomizer@0], contextLoader = 'org.springframework.test.context.support.DelegatingSmartContextLoader', parent = [null]], attributes = map[[empty]]]].
10:31:52.111 [Test worker] DEBUG org.springframework.test.context.cache.DefaultCacheAwareContextLoaderDelegate - Retrieved ApplicationContext [1150974956] from cache with key [[MergedContextConfiguration@6064e19e testClass = InquiryTest, locations = '{}', classes = '{class com.mhp.coding.challenges.dependency.Application}', contextInitializerClasses = '[]', activeProfiles = '{}', propertySourceLocations = '{}', propertySourceProperties = '{}', contextCustomizers = set[MockkContextCustomizer(definitions=[[SpykDefinition@734de0e3 name = [null], typeToSpy = com.mhp.coding.challenges.dependency.notifications.EmailHandler, clear = AFTER], [SpykDefinition@436e8637 name = [null], typeToSpy = com.mhp.coding.challenges.dependency.notifications.PushNotificationHandler, clear = AFTER]]), org.springframework.boot.test.autoconfigure.actuate.metrics.MetricsExportContextCustomizerFactory$DisableMetricExportContextCustomizer@3c60e6e4, org.springframework.boot.test.autoconfigure.properties.PropertyMappingContextCustomizer@0, org.springframework.boot.test.autoconfigure.web.servlet.WebDriverContextCustomizerFactory$Customizer@56f3dacf, org.springframework.boot.test.context.filter.ExcludeFilterContextCustomizer@4eeb13b6, org.springframework.boot.test.json.DuplicateJsonObjectContextCustomizerFactory$DuplicateJsonObjectContextCustomizer@7f7f20e, org.springframework.boot.test.mock.mockito.MockitoContextCustomizer@0], contextLoader = 'org.springframework.test.context.support.DelegatingSmartContextLoader', parent = [null]]]
10:31:52.112 [Test worker] DEBUG org.springframework.test.context.cache - Spring test ApplicationContext cache statistics: [DefaultContextCache@58f435c0 size = 1, maxSize = 32, parentContextCount = 0, hitCount = 2, missCount = 1]
10:31:52.118 [Test worker] DEBUG org.springframework.test.context.cache.DefaultCacheAwareContextLoaderDelegate - Retrieved ApplicationContext [1150974956] from cache with key [[MergedContextConfiguration@6064e19e testClass = InquiryTest, locations = '{}', classes = '{class com.mhp.coding.challenges.dependency.Application}', contextInitializerClasses = '[]', activeProfiles = '{}', propertySourceLocations = '{}', propertySourceProperties = '{}', contextCustomizers = set[MockkContextCustomizer(definitions=[[SpykDefinition@734de0e3 name = [null], typeToSpy = com.mhp.coding.challenges.dependency.notifications.EmailHandler, clear = AFTER], [SpykDefinition@436e8637 name = [null], typeToSpy = com.mhp.coding.challenges.dependency.notifications.PushNotificationHandler, clear = AFTER]]), org.springframework.boot.test.autoconfigure.actuate.metrics.MetricsExportContextCustomizerFactory$DisableMetricExportContextCustomizer@3c60e6e4, org.springframework.boot.test.autoconfigure.properties.PropertyMappingContextCustomizer@0, org.springframework.boot.test.autoconfigure.web.servlet.WebDriverContextCustomizerFactory$Customizer@56f3dacf, org.springframework.boot.test.context.filter.ExcludeFilterContextCustomizer@4eeb13b6, org.springframework.boot.test.json.DuplicateJsonObjectContextCustomizerFactory$DuplicateJsonObjectContextCustomizer@7f7f20e, org.springframework.boot.test.mock.mockito.MockitoContextCustomizer@0], contextLoader = 'org.springframework.test.context.support.DelegatingSmartContextLoader', parent = [null]]]
10:31:52.118 [Test worker] DEBUG org.springframework.test.context.cache - Spring test ApplicationContext cache statistics: [DefaultContextCache@58f435c0 size = 1, maxSize = 32, parentContextCount = 0, hitCount = 3, missCount = 1]
10:31:52.151 [Test worker] DEBUG org.springframework.test.context.support.AbstractDirtiesContextTestExecutionListener - Before test method: context [DefaultTestContext@31a27574 testClass = InquiryTest, testInstance = com.mhp.coding.challenges.dependency.InquiryTest@7ff254b9, testMethod = testInquiryHandlers@InquiryTest, testException = [null], mergedContextConfiguration = [MergedContextConfiguration@6064e19e testClass = InquiryTest, locations = '{}', classes = '{class com.mhp.coding.challenges.dependency.Application}', contextInitializerClasses = '[]', activeProfiles = '{}', propertySourceLocations = '{}', propertySourceProperties = '{}', contextCustomizers = set[MockkContextCustomizer(definitions=[[SpykDefinition@734de0e3 name = [null], typeToSpy = com.mhp.coding.challenges.dependency.notifications.EmailHandler, clear = AFTER], [SpykDefinition@436e8637 name = [null], typeToSpy = com.mhp.coding.challenges.dependency.notifications.PushNotificationHandler, clear = AFTER]]), org.springframework.boot.test.autoconfigure.actuate.metrics.MetricsExportContextCustomizerFactory$DisableMetricExportContextCustomizer@3c60e6e4, org.springframework.boot.test.autoconfigure.properties.PropertyMappingContextCustomizer@0, org.springframework.boot.test.autoconfigure.web.servlet.WebDriverContextCustomizerFactory$Customizer@56f3dacf, org.springframework.boot.test.context.filter.ExcludeFilterContextCustomizer@4eeb13b6, org.springframework.boot.test.json.DuplicateJsonObjectContextCustomizerFactory$DuplicateJsonObjectContextCustomizer@7f7f20e, org.springframework.boot.test.mock.mockito.MockitoContextCustomizer@0], contextLoader = 'org.springframework.test.context.support.DelegatingSmartContextLoader', parent = [null]], attributes = map[[empty]]], class annotated with @DirtiesContext [false] with mode [null], method annotated with @DirtiesContext [false] with mode [null].
10:31:52.154 [Test worker] DEBUG org.springframework.test.context.cache.DefaultCacheAwareContextLoaderDelegate - Retrieved ApplicationContext [1150974956] from cache with key [[MergedContextConfiguration@6064e19e testClass = InquiryTest, locations = '{}', classes = '{class com.mhp.coding.challenges.dependency.Application}', contextInitializerClasses = '[]', activeProfiles = '{}', propertySourceLocations = '{}', propertySourceProperties = '{}', contextCustomizers = set[MockkContextCustomizer(definitions=[[SpykDefinition@734de0e3 name = [null], typeToSpy = com.mhp.coding.challenges.dependency.notifications.EmailHandler, clear = AFTER], [SpykDefinition@436e8637 name = [null], typeToSpy = com.mhp.coding.challenges.dependency.notifications.PushNotificationHandler, clear = AFTER]]), org.springframework.boot.test.autoconfigure.actuate.metrics.MetricsExportContextCustomizerFactory$DisableMetricExportContextCustomizer@3c60e6e4, org.springframework.boot.test.autoconfigure.properties.PropertyMappingContextCustomizer@0, org.springframework.boot.test.autoconfigure.web.servlet.WebDriverContextCustomizerFactory$Customizer@56f3dacf, org.springframework.boot.test.context.filter.ExcludeFilterContextCustomizer@4eeb13b6, org.springframework.boot.test.json.DuplicateJsonObjectContextCustomizerFactory$DuplicateJsonObjectContextCustomizer@7f7f20e, org.springframework.boot.test.mock.mockito.MockitoContextCustomizer@0], contextLoader = 'org.springframework.test.context.support.DelegatingSmartContextLoader', parent = [null]]]
10:31:52.154 [Test worker] DEBUG org.springframework.test.context.cache - Spring test ApplicationContext cache statistics: [DefaultContextCache@58f435c0 size = 1, maxSize = 32, parentContextCount = 0, hitCount = 4, missCount = 1]
10:31:52.155 [Test worker] DEBUG org.springframework.test.context.cache.DefaultCacheAwareContextLoaderDelegate - Retrieved ApplicationContext [1150974956] from cache with key [[MergedContextConfiguration@6064e19e testClass = InquiryTest, locations = '{}', classes = '{class com.mhp.coding.challenges.dependency.Application}', contextInitializerClasses = '[]', activeProfiles = '{}', propertySourceLocations = '{}', propertySourceProperties = '{}', contextCustomizers = set[MockkContextCustomizer(definitions=[[SpykDefinition@734de0e3 name = [null], typeToSpy = com.mhp.coding.challenges.dependency.notifications.EmailHandler, clear = AFTER], [SpykDefinition@436e8637 name = [null], typeToSpy = com.mhp.coding.challenges.dependency.notifications.PushNotificationHandler, clear = AFTER]]), org.springframework.boot.test.autoconfigure.actuate.metrics.MetricsExportContextCustomizerFactory$DisableMetricExportContextCustomizer@3c60e6e4, org.springframework.boot.test.autoconfigure.properties.PropertyMappingContextCustomizer@0, org.springframework.boot.test.autoconfigure.web.servlet.WebDriverContextCustomizerFactory$Customizer@56f3dacf, org.springframework.boot.test.context.filter.ExcludeFilterContextCustomizer@4eeb13b6, org.springframework.boot.test.json.DuplicateJsonObjectContextCustomizerFactory$DuplicateJsonObjectContextCustomizer@7f7f20e, org.springframework.boot.test.mock.mockito.MockitoContextCustomizer@0], contextLoader = 'org.springframework.test.context.support.DelegatingSmartContextLoader', parent = [null]]]
10:31:52.155 [Test worker] DEBUG org.springframework.test.context.cache - Spring test ApplicationContext cache statistics: [DefaultContextCache@58f435c0 size = 1, maxSize = 32, parentContextCount = 0, hitCount = 5, missCount = 1]
10:31:52.159 [Test worker] DEBUG org.springframework.test.context.cache.DefaultCacheAwareContextLoaderDelegate - Retrieved ApplicationContext [1150974956] from cache with key [[MergedContextConfiguration@6064e19e testClass = InquiryTest, locations = '{}', classes = '{class com.mhp.coding.challenges.dependency.Application}', contextInitializerClasses = '[]', activeProfiles = '{}', propertySourceLocations = '{}', propertySourceProperties = '{}', contextCustomizers = set[MockkContextCustomizer(definitions=[[SpykDefinition@734de0e3 name = [null], typeToSpy = com.mhp.coding.challenges.dependency.notifications.EmailHandler, clear = AFTER], [SpykDefinition@436e8637 name = [null], typeToSpy = com.mhp.coding.challenges.dependency.notifications.PushNotificationHandler, clear = AFTER]]), org.springframework.boot.test.autoconfigure.actuate.metrics.MetricsExportContextCustomizerFactory$DisableMetricExportContextCustomizer@3c60e6e4, org.springframework.boot.test.autoconfigure.properties.PropertyMappingContextCustomizer@0, org.springframework.boot.test.autoconfigure.web.servlet.WebDriverContextCustomizerFactory$Customizer@56f3dacf, org.springframework.boot.test.context.filter.ExcludeFilterContextCustomizer@4eeb13b6, org.springframework.boot.test.json.DuplicateJsonObjectContextCustomizerFactory$DuplicateJsonObjectContextCustomizer@7f7f20e, org.springframework.boot.test.mock.mockito.MockitoContextCustomizer@0], contextLoader = 'org.springframework.test.context.support.DelegatingSmartContextLoader', parent = [null]]]
10:31:52.160 [Test worker] DEBUG org.springframework.test.context.cache - Spring test ApplicationContext cache statistics: [DefaultContextCache@58f435c0 size = 1, maxSize = 32, parentContextCount = 0, hitCount = 6, missCount = 1]
10:31:52.190 [Test worker] INFO com.mhp.coding.challenges.dependency.inquiry.InquiryService - User sent inquiry: Inquiry(username=TestUser, recipient=service@example.com, text=Can I haz cheezburger?)
10:31:52.463 [Test worker] DEBUG org.springframework.test.context.cache.DefaultCacheAwareContextLoaderDelegate - Retrieved ApplicationContext [1150974956] from cache with key [[MergedContextConfiguration@6064e19e testClass = InquiryTest, locations = '{}', classes = '{class com.mhp.coding.challenges.dependency.Application}', contextInitializerClasses = '[]', activeProfiles = '{}', propertySourceLocations = '{}', propertySourceProperties = '{}', contextCustomizers = set[MockkContextCustomizer(definitions=[[SpykDefinition@734de0e3 name = [null], typeToSpy = com.mhp.coding.challenges.dependency.notifications.EmailHandler, clear = AFTER], [SpykDefinition@436e8637 name = [null], typeToSpy = com.mhp.coding.challenges.dependency.notifications.PushNotificationHandler, clear = AFTER]]), org.springframework.boot.test.autoconfigure.actuate.metrics.MetricsExportContextCustomizerFactory$DisableMetricExportContextCustomizer@3c60e6e4, org.springframework.boot.test.autoconfigure.properties.PropertyMappingContextCustomizer@0, org.springframework.boot.test.autoconfigure.web.servlet.WebDriverContextCustomizerFactory$Customizer@56f3dacf, org.springframework.boot.test.context.filter.ExcludeFilterContextCustomizer@4eeb13b6, org.springframework.boot.test.json.DuplicateJsonObjectContextCustomizerFactory$DuplicateJsonObjectContextCustomizer@7f7f20e, org.springframework.boot.test.mock.mockito.MockitoContextCustomizer@0], contextLoader = 'org.springframework.test.context.support.DelegatingSmartContextLoader', parent = [null]]]
10:31:52.469 [Test worker] DEBUG org.springframework.test.context.cache - Spring test ApplicationContext cache statistics: [DefaultContextCache@58f435c0 size = 1, maxSize = 32, parentContextCount = 0, hitCount = 7, missCount = 1]
10:31:52.473 [Test worker] DEBUG org.springframework.test.context.cache.DefaultCacheAwareContextLoaderDelegate - Retrieved ApplicationContext [1150974956] from cache with key [[MergedContextConfiguration@6064e19e testClass = InquiryTest, locations = '{}', classes = '{class com.mhp.coding.challenges.dependency.Application}', contextInitializerClasses = '[]', activeProfiles = '{}', propertySourceLocations = '{}', propertySourceProperties = '{}', contextCustomizers = set[MockkContextCustomizer(definitions=[[SpykDefinition@734de0e3 name = [null], typeToSpy = com.mhp.coding.challenges.dependency.notifications.EmailHandler, clear = AFTER], [SpykDefinition@436e8637 name = [null], typeToSpy = com.mhp.coding.challenges.dependency.notifications.PushNotificationHandler, clear = AFTER]]), org.springframework.boot.test.autoconfigure.actuate.metrics.MetricsExportContextCustomizerFactory$DisableMetricExportContextCustomizer@3c60e6e4, org.springframework.boot.test.autoconfigure.properties.PropertyMappingContextCustomizer@0, org.springframework.boot.test.autoconfigure.web.servlet.WebDriverContextCustomizerFactory$Customizer@56f3dacf, org.springframework.boot.test.context.filter.ExcludeFilterContextCustomizer@4eeb13b6, org.springframework.boot.test.json.DuplicateJsonObjectContextCustomizerFactory$DuplicateJsonObjectContextCustomizer@7f7f20e, org.springframework.boot.test.mock.mockito.MockitoContextCustomizer@0], contextLoader = 'org.springframework.test.context.support.DelegatingSmartContextLoader', parent = [null]]]
10:31:52.473 [Test worker] DEBUG org.springframework.test.context.cache - Spring test ApplicationContext cache statistics: [DefaultContextCache@58f435c0 size = 1, maxSize = 32, parentContextCount = 0, hitCount = 8, missCount = 1]
10:31:52.474 [Test worker] DEBUG org.springframework.test.context.cache.DefaultCacheAwareContextLoaderDelegate - Retrieved ApplicationContext [1150974956] from cache with key [[MergedContextConfiguration@6064e19e testClass = InquiryTest, locations = '{}', classes = '{class com.mhp.coding.challenges.dependency.Application}', contextInitializerClasses = '[]', activeProfiles = '{}', propertySourceLocations = '{}', propertySourceProperties = '{}', contextCustomizers = set[MockkContextCustomizer(definitions=[[SpykDefinition@734de0e3 name = [null], typeToSpy = com.mhp.coding.challenges.dependency.notifications.EmailHandler, clear = AFTER], [SpykDefinition@436e8637 name = [null], typeToSpy = com.mhp.coding.challenges.dependency.notifications.PushNotificationHandler, clear = AFTER]]), org.springframework.boot.test.autoconfigure.actuate.metrics.MetricsExportContextCustomizerFactory$DisableMetricExportContextCustomizer@3c60e6e4, org.springframework.boot.test.autoconfigure.properties.PropertyMappingContextCustomizer@0, org.springframework.boot.test.autoconfigure.web.servlet.WebDriverContextCustomizerFactory$Customizer@56f3dacf, org.springframework.boot.test.context.filter.ExcludeFilterContextCustomizer@4eeb13b6, org.springframework.boot.test.json.DuplicateJsonObjectContextCustomizerFactory$DuplicateJsonObjectContextCustomizer@7f7f20e, org.springframework.boot.test.mock.mockito.MockitoContextCustomizer@0], contextLoader = 'org.springframework.test.context.support.DelegatingSmartContextLoader', parent = [null]]]
10:31:52.474 [Test worker] DEBUG org.springframework.test.context.cache - Spring test ApplicationContext cache statistics: [DefaultContextCache@58f435c0 size = 1, maxSize = 32, parentContextCount = 0, hitCount = 9, missCount = 1]
10:31:52.477 [Test worker] DEBUG org.springframework.test.context.cache.DefaultCacheAwareContextLoaderDelegate - Retrieved ApplicationContext [1150974956] from cache with key [[MergedContextConfiguration@6064e19e testClass = InquiryTest, locations = '{}', classes = '{class com.mhp.coding.challenges.dependency.Application}', contextInitializerClasses = '[]', activeProfiles = '{}', propertySourceLocations = '{}', propertySourceProperties = '{}', contextCustomizers = set[MockkContextCustomizer(definitions=[[SpykDefinition@734de0e3 name = [null], typeToSpy = com.mhp.coding.challenges.dependency.notifications.EmailHandler, clear = AFTER], [SpykDefinition@436e8637 name = [null], typeToSpy = com.mhp.coding.challenges.dependency.notifications.PushNotificationHandler, clear = AFTER]]), org.springframework.boot.test.autoconfigure.actuate.metrics.MetricsExportContextCustomizerFactory$DisableMetricExportContextCustomizer@3c60e6e4, org.springframework.boot.test.autoconfigure.properties.PropertyMappingContextCustomizer@0, org.springframework.boot.test.autoconfigure.web.servlet.WebDriverContextCustomizerFactory$Customizer@56f3dacf, org.springframework.boot.test.context.filter.ExcludeFilterContextCustomizer@4eeb13b6, org.springframework.boot.test.json.DuplicateJsonObjectContextCustomizerFactory$DuplicateJsonObjectContextCustomizer@7f7f20e, org.springframework.boot.test.mock.mockito.MockitoContextCustomizer@0], contextLoader = 'org.springframework.test.context.support.DelegatingSmartContextLoader', parent = [null]]]
10:31:52.477 [Test worker] DEBUG org.springframework.test.context.cache - Spring test ApplicationContext cache statistics: [DefaultContextCache@58f435c0 size = 1, maxSize = 32, parentContextCount = 0, hitCount = 10, missCount = 1]
10:31:52.481 [Test worker] DEBUG org.springframework.test.context.cache.DefaultCacheAwareContextLoaderDelegate - Retrieved ApplicationContext [1150974956] from cache with key [[MergedContextConfiguration@6064e19e testClass = InquiryTest, locations = '{}', classes = '{class com.mhp.coding.challenges.dependency.Application}', contextInitializerClasses = '[]', activeProfiles = '{}', propertySourceLocations = '{}', propertySourceProperties = '{}', contextCustomizers = set[MockkContextCustomizer(definitions=[[SpykDefinition@734de0e3 name = [null], typeToSpy = com.mhp.coding.challenges.dependency.notifications.EmailHandler, clear = AFTER], [SpykDefinition@436e8637 name = [null], typeToSpy = com.mhp.coding.challenges.dependency.notifications.PushNotificationHandler, clear = AFTER]]), org.springframework.boot.test.autoconfigure.actuate.metrics.MetricsExportContextCustomizerFactory$DisableMetricExportContextCustomizer@3c60e6e4, org.springframework.boot.test.autoconfigure.properties.PropertyMappingContextCustomizer@0, org.springframework.boot.test.autoconfigure.web.servlet.WebDriverContextCustomizerFactory$Customizer@56f3dacf, org.springframework.boot.test.context.filter.ExcludeFilterContextCustomizer@4eeb13b6, org.springframework.boot.test.json.DuplicateJsonObjectContextCustomizerFactory$DuplicateJsonObjectContextCustomizer@7f7f20e, org.springframework.boot.test.mock.mockito.MockitoContextCustomizer@0], contextLoader = 'org.springframework.test.context.support.DelegatingSmartContextLoader', parent = [null]]]
10:31:52.481 [Test worker] DEBUG org.springframework.test.context.cache - Spring test ApplicationContext cache statistics: [DefaultContextCache@58f435c0 size = 1, maxSize = 32, parentContextCount = 0, hitCount = 11, missCount = 1]
10:31:52.489 [Test worker] DEBUG io.mockk.impl.stub.CommonClearer - Clearing [EmailHandler(emailHandler#1)] mocks ClearOptions(answers=true, recordedCalls=true, childMocks=true, verificationMarks=true, exclusionRules=true)
10:31:52.489 [Test worker] DEBUG io.mockk.impl.stub.CommonClearer - Clearing [PushNotificationHandler(pushNotificationHandler#2)] mocks ClearOptions(answers=true, recordedCalls=true, childMocks=true, verificationMarks=true, exclusionRules=true)
10:31:52.491 [Test worker] DEBUG org.springframework.test.context.cache.DefaultCacheAwareContextLoaderDelegate - Retrieved ApplicationContext [1150974956] from cache with key [[MergedContextConfiguration@6064e19e testClass = InquiryTest, locations = '{}', classes = '{class com.mhp.coding.challenges.dependency.Application}', contextInitializerClasses = '[]', activeProfiles = '{}', propertySourceLocations = '{}', propertySourceProperties = '{}', contextCustomizers = set[MockkContextCustomizer(definitions=[[SpykDefinition@734de0e3 name = [null], typeToSpy = com.mhp.coding.challenges.dependency.notifications.EmailHandler, clear = AFTER], [SpykDefinition@436e8637 name = [null], typeToSpy = com.mhp.coding.challenges.dependency.notifications.PushNotificationHandler, clear = AFTER]]), org.springframework.boot.test.autoconfigure.actuate.metrics.MetricsExportContextCustomizerFactory$DisableMetricExportContextCustomizer@3c60e6e4, org.springframework.boot.test.autoconfigure.properties.PropertyMappingContextCustomizer@0, org.springframework.boot.test.autoconfigure.web.servlet.WebDriverContextCustomizerFactory$Customizer@56f3dacf, org.springframework.boot.test.context.filter.ExcludeFilterContextCustomizer@4eeb13b6, org.springframework.boot.test.json.DuplicateJsonObjectContextCustomizerFactory$DuplicateJsonObjectContextCustomizer@7f7f20e, org.springframework.boot.test.mock.mockito.MockitoContextCustomizer@0], contextLoader = 'org.springframework.test.context.support.DelegatingSmartContextLoader', parent = [null]]]
10:31:52.492 [Test worker] DEBUG org.springframework.test.context.cache - Spring test ApplicationContext cache statistics: [DefaultContextCache@58f435c0 size = 1, maxSize = 32, parentContextCount = 0, hitCount = 12, missCount = 1]
10:31:52.494 [Test worker] DEBUG org.springframework.test.context.support.AbstractDirtiesContextTestExecutionListener - After test method: context [DefaultTestContext@31a27574 testClass = InquiryTest, testInstance = com.mhp.coding.challenges.dependency.InquiryTest@7ff254b9, testMethod = testInquiryHandlers@InquiryTest, testException = [null], mergedContextConfiguration = [MergedContextConfiguration@6064e19e testClass = InquiryTest, locations = '{}', classes = '{class com.mhp.coding.challenges.dependency.Application}', contextInitializerClasses = '[]', activeProfiles = '{}', propertySourceLocations = '{}', propertySourceProperties = '{}', contextCustomizers = set[MockkContextCustomizer(definitions=[[SpykDefinition@734de0e3 name = [null], typeToSpy = com.mhp.coding.challenges.dependency.notifications.EmailHandler, clear = AFTER], [SpykDefinition@436e8637 name = [null], typeToSpy = com.mhp.coding.challenges.dependency.notifications.PushNotificationHandler, clear = AFTER]]), org.springframework.boot.test.autoconfigure.actuate.metrics.MetricsExportContextCustomizerFactory$DisableMetricExportContextCustomizer@3c60e6e4, org.springframework.boot.test.autoconfigure.properties.PropertyMappingContextCustomizer@0, org.springframework.boot.test.autoconfigure.web.servlet.WebDriverContextCustomizerFactory$Customizer@56f3dacf, org.springframework.boot.test.context.filter.ExcludeFilterContextCustomizer@4eeb13b6, org.springframework.boot.test.json.DuplicateJsonObjectContextCustomizerFactory$DuplicateJsonObjectContextCustomizer@7f7f20e, org.springframework.boot.test.mock.mockito.MockitoContextCustomizer@0], contextLoader = 'org.springframework.test.context.support.DelegatingSmartContextLoader', parent = [null]], attributes = map[[empty]]], class annotated with @DirtiesContext [false] with mode [null], method annotated with @DirtiesContext [false] with mode [null].
10:31:52.536 [Test worker] DEBUG org.springframework.test.context.cache.DefaultCacheAwareContextLoaderDelegate - Retrieved ApplicationContext [1150974956] from cache with key [[MergedContextConfiguration@6064e19e testClass = InquiryTest, locations = '{}', classes = '{class com.mhp.coding.challenges.dependency.Application}', contextInitializerClasses = '[]', activeProfiles = '{}', propertySourceLocations = '{}', propertySourceProperties = '{}', contextCustomizers = set[MockkContextCustomizer(definitions=[[SpykDefinition@734de0e3 name = [null], typeToSpy = com.mhp.coding.challenges.dependency.notifications.EmailHandler, clear = AFTER], [SpykDefinition@436e8637 name = [null], typeToSpy = com.mhp.coding.challenges.dependency.notifications.PushNotificationHandler, clear = AFTER]]), org.springframework.boot.test.autoconfigure.actuate.metrics.MetricsExportContextCustomizerFactory$DisableMetricExportContextCustomizer@3c60e6e4, org.springframework.boot.test.autoconfigure.properties.PropertyMappingContextCustomizer@0, org.springframework.boot.test.autoconfigure.web.servlet.WebDriverContextCustomizerFactory$Customizer@56f3dacf, org.springframework.boot.test.context.filter.ExcludeFilterContextCustomizer@4eeb13b6, org.springframework.boot.test.json.DuplicateJsonObjectContextCustomizerFactory$DuplicateJsonObjectContextCustomizer@7f7f20e, org.springframework.boot.test.mock.mockito.MockitoContextCustomizer@0], contextLoader = 'org.springframework.test.context.support.DelegatingSmartContextLoader', parent = [null]]]
10:31:52.537 [Test worker] DEBUG org.springframework.test.context.cache - Spring test ApplicationContext cache statistics: [DefaultContextCache@58f435c0 size = 1, maxSize = 32, parentContextCount = 0, hitCount = 13, missCount = 1]
10:31:52.537 [Test worker] DEBUG org.springframework.test.context.support.AbstractDirtiesContextTestExecutionListener - After test class: context [DefaultTestContext@31a27574 testClass = InquiryTest, testInstance = [null], testMethod = [null], testException = [null], mergedContextConfiguration = [MergedContextConfiguration@6064e19e testClass = InquiryTest, locations = '{}', classes = '{class com.mhp.coding.challenges.dependency.Application}', contextInitializerClasses = '[]', activeProfiles = '{}', propertySourceLocations = '{}', propertySourceProperties = '{}', contextCustomizers = set[MockkContextCustomizer(definitions=[[SpykDefinition@734de0e3 name = [null], typeToSpy = com.mhp.coding.challenges.dependency.notifications.EmailHandler, clear = AFTER], [SpykDefinition@436e8637 name = [null], typeToSpy = com.mhp.coding.challenges.dependency.notifications.PushNotificationHandler, clear = AFTER]]), org.springframework.boot.test.autoconfigure.actuate.metrics.MetricsExportContextCustomizerFactory$DisableMetricExportContextCustomizer@3c60e6e4, org.springframework.boot.test.autoconfigure.properties.PropertyMappingContextCustomizer@0, org.springframework.boot.test.autoconfigure.web.servlet.WebDriverContextCustomizerFactory$Customizer@56f3dacf, org.springframework.boot.test.context.filter.ExcludeFilterContextCustomizer@4eeb13b6, org.springframework.boot.test.json.DuplicateJsonObjectContextCustomizerFactory$DuplicateJsonObjectContextCustomizer@7f7f20e, org.springframework.boot.test.mock.mockito.MockitoContextCustomizer@0], contextLoader = 'org.springframework.test.context.support.DelegatingSmartContextLoader', parent = [null]], attributes = map[[empty]]], class annotated with @DirtiesContext [false] with mode [null].
]]></system-out>
  <system-err><![CDATA[]]></system-err>
</testsuite>
