<?xml version="1.0" encoding="UTF-8"?>
<testsuite name="com.mhp.coding.challenges.dependency.InquiryTest" tests="1" skipped="0" failures="0" errors="0" timestamp="2022-12-02T20:29:45" hostname="AWEPERI" time="0.11">
  <properties/>
  <testcase name="testInquiryHandlers()" classname="com.mhp.coding.challenges.dependency.InquiryTest" time="0.11"/>
  <system-out><![CDATA[20:29:42.215 [Test worker] DEBUG org.springframework.test.context.BootstrapUtils - Instantiating CacheAwareContextLoaderDelegate from class [org.springframework.test.context.cache.DefaultCacheAwareContextLoaderDelegate]
20:29:42.235 [Test worker] DEBUG org.springframework.test.context.BootstrapUtils - Instantiating BootstrapContext using constructor [public org.springframework.test.context.support.DefaultBootstrapContext(java.lang.Class,org.springframework.test.context.CacheAwareContextLoaderDelegate)]
20:29:42.265 [Test worker] DEBUG org.springframework.test.context.BootstrapUtils - Instantiating TestContextBootstrapper for test class [com.mhp.coding.challenges.dependency.InquiryTest] from class [org.springframework.test.context.support.DefaultTestContextBootstrapper]
20:29:42.288 [Test worker] DEBUG org.springframework.test.context.support.AbstractDelegatingSmartContextLoader - Delegating to AnnotationConfigContextLoader to process context configuration [ContextConfigurationAttributes@5544640b declaringClass = 'com.mhp.coding.challenges.dependency.InquiryTest', classes = '{class com.mhp.coding.challenges.dependency.Application}', locations = '{}', inheritLocations = true, initializers = '{}', inheritInitializers = true, name = [null], contextLoaderClass = 'org.springframework.test.context.ContextLoader'].
20:29:42.390 [Test worker] DEBUG org.springframework.test.context.support.ActiveProfilesUtils - Could not find an 'annotation declaring class' for annotation type [org.springframework.test.context.ActiveProfiles] and class [com.mhp.coding.challenges.dependency.InquiryTest]
20:29:42.391 [Test worker] DEBUG org.springframework.test.context.support.DefaultTestContextBootstrapper - @TestExecutionListeners is not present for class [com.mhp.coding.challenges.dependency.InquiryTest]: using defaults.
20:29:42.392 [Test worker] INFO org.springframework.test.context.support.DefaultTestContextBootstrapper - Loaded default TestExecutionListener class names from location [META-INF/spring.factories]: [com.ninjasquad.springmockk.MockkTestExecutionListener, com.ninjasquad.springmockk.ClearMocksTestExecutionListener, org.springframework.boot.test.autoconfigure.restdocs.RestDocsTestExecutionListener, org.springframework.boot.test.autoconfigure.web.client.MockRestServiceServerResetTestExecutionListener, org.springframework.boot.test.autoconfigure.web.servlet.MockMvcPrintOnlyOnFailureTestExecutionListener, org.springframework.boot.test.autoconfigure.web.servlet.WebDriverTestExecutionListener, org.springframework.boot.test.autoconfigure.webservices.client.MockWebServiceServerTestExecutionListener, org.springframework.boot.test.mock.mockito.MockitoTestExecutionListener, org.springframework.boot.test.mock.mockito.ResetMocksTestExecutionListener, org.springframework.test.context.web.ServletTestExecutionListener, org.springframework.test.context.support.DirtiesContextBeforeModesTestExecutionListener, org.springframework.test.context.support.DependencyInjectionTestExecutionListener, org.springframework.test.context.support.DirtiesContextTestExecutionListener, org.springframework.test.context.transaction.TransactionalTestExecutionListener, org.springframework.test.context.jdbc.SqlScriptsTestExecutionListener, org.springframework.test.context.event.EventPublishingTestExecutionListener]
20:29:42.734 [Test worker] DEBUG org.springframework.test.context.support.DefaultTestContextBootstrapper - Skipping candidate TestExecutionListener [org.springframework.test.context.web.ServletTestExecutionListener] due to a missing dependency. Specify custom listener classes or make the default listener classes and their required dependencies available. Offending class: [javax/servlet/ServletContext]
20:29:42.737 [Test worker] DEBUG org.springframework.test.context.support.DefaultTestContextBootstrapper - Skipping candidate TestExecutionListener [org.springframework.test.context.transaction.TransactionalTestExecutionListener] due to a missing dependency. Specify custom listener classes or make the default listener classes and their required dependencies available. Offending class: [org/springframework/transaction/interceptor/TransactionAttributeSource]
20:29:42.737 [Test worker] DEBUG org.springframework.test.context.support.DefaultTestContextBootstrapper - Skipping candidate TestExecutionListener [org.springframework.test.context.jdbc.SqlScriptsTestExecutionListener] due to a missing dependency. Specify custom listener classes or make the default listener classes and their required dependencies available. Offending class: [org/springframework/transaction/interceptor/TransactionAttribute]
20:29:42.738 [Test worker] INFO org.springframework.test.context.support.DefaultTestContextBootstrapper - Using TestExecutionListeners: [org.springframework.test.context.support.DirtiesContextBeforeModesTestExecutionListener@5303bc18, com.ninjasquad.springmockk.MockkTestExecutionListener@79d3e1c6, org.springframework.boot.test.mock.mockito.MockitoTestExecutionListener@2c184423, org.springframework.test.context.support.DependencyInjectionTestExecutionListener@1028663a, org.springframework.test.context.support.DirtiesContextTestExecutionListener@5e05eb5b, org.springframework.test.context.event.EventPublishingTestExecutionListener@38beec8c, com.ninjasquad.springmockk.ClearMocksTestExecutionListener@56e98ee4, org.springframework.boot.test.autoconfigure.restdocs.RestDocsTestExecutionListener@5232bb5, org.springframework.boot.test.autoconfigure.web.client.MockRestServiceServerResetTestExecutionListener@740d5779, org.springframework.boot.test.autoconfigure.web.servlet.MockMvcPrintOnlyOnFailureTestExecutionListener@3b181ff8, org.springframework.boot.test.autoconfigure.web.servlet.WebDriverTestExecutionListener@219c28d1, org.springframework.boot.test.autoconfigure.webservices.client.MockWebServiceServerTestExecutionListener@3d7ed1d4, org.springframework.boot.test.mock.mockito.ResetMocksTestExecutionListener@2356ef9d]
20:29:42.741 [Test worker] DEBUG org.springframework.test.context.support.AbstractDirtiesContextTestExecutionListener - Before test class: context [DefaultTestContext@5457b6f2 testClass = InquiryTest, testInstance = [null], testMethod = [null], testException = [null], mergedContextConfiguration = [MergedContextConfiguration@5e36cf77 testClass = InquiryTest, locations = '{}', classes = '{class com.mhp.coding.challenges.dependency.Application}', contextInitializerClasses = '[]', activeProfiles = '{}', propertySourceLocations = '{}', propertySourceProperties = '{}', contextCustomizers = set[MockkContextCustomizer(definitions=[[SpykDefinition@31b32946 name = [null], typeToSpy = com.mhp.coding.challenges.dependency.notifications.EmailHandler, clear = AFTER], [SpykDefinition@4cdb439 name = [null], typeToSpy = com.mhp.coding.challenges.dependency.notifications.PushNotificationHandler, clear = AFTER]]), org.springframework.boot.test.autoconfigure.actuate.metrics.MetricsExportContextCustomizerFactory$DisableMetricExportContextCustomizer@588710d, org.springframework.boot.test.autoconfigure.properties.PropertyMappingContextCustomizer@0, org.springframework.boot.test.autoconfigure.web.servlet.WebDriverContextCustomizerFactory$Customizer@46e3f8bd, org.springframework.boot.test.context.filter.ExcludeFilterContextCustomizer@2458a4de, org.springframework.boot.test.json.DuplicateJsonObjectContextCustomizerFactory$DuplicateJsonObjectContextCustomizer@19425656, org.springframework.boot.test.mock.mockito.MockitoContextCustomizer@0], contextLoader = 'org.springframework.test.context.support.DelegatingSmartContextLoader', parent = [null]], attributes = map[[empty]]], class annotated with @DirtiesContext [false] with mode [null].
20:29:42.755 [Test worker] DEBUG org.springframework.test.context.support.AbstractDelegatingSmartContextLoader - Delegating to AnnotationConfigContextLoader to load context from [MergedContextConfiguration@5e36cf77 testClass = InquiryTest, locations = '{}', classes = '{class com.mhp.coding.challenges.dependency.Application}', contextInitializerClasses = '[]', activeProfiles = '{}', propertySourceLocations = '{}', propertySourceProperties = '{}', contextCustomizers = set[MockkContextCustomizer(definitions=[[SpykDefinition@31b32946 name = [null], typeToSpy = com.mhp.coding.challenges.dependency.notifications.EmailHandler, clear = AFTER], [SpykDefinition@4cdb439 name = [null], typeToSpy = com.mhp.coding.challenges.dependency.notifications.PushNotificationHandler, clear = AFTER]]), org.springframework.boot.test.autoconfigure.actuate.metrics.MetricsExportContextCustomizerFactory$DisableMetricExportContextCustomizer@588710d, org.springframework.boot.test.autoconfigure.properties.PropertyMappingContextCustomizer@0, org.springframework.boot.test.autoconfigure.web.servlet.WebDriverContextCustomizerFactory$Customizer@46e3f8bd, org.springframework.boot.test.context.filter.ExcludeFilterContextCustomizer@2458a4de, org.springframework.boot.test.json.DuplicateJsonObjectContextCustomizerFactory$DuplicateJsonObjectContextCustomizer@19425656, org.springframework.boot.test.mock.mockito.MockitoContextCustomizer@0], contextLoader = 'org.springframework.test.context.support.DelegatingSmartContextLoader', parent = [null]].
20:29:42.756 [Test worker] DEBUG org.springframework.test.context.support.AbstractGenericContextLoader - Loading ApplicationContext for merged context configuration [[MergedContextConfiguration@5e36cf77 testClass = InquiryTest, locations = '{}', classes = '{class com.mhp.coding.challenges.dependency.Application}', contextInitializerClasses = '[]', activeProfiles = '{}', propertySourceLocations = '{}', propertySourceProperties = '{}', contextCustomizers = set[MockkContextCustomizer(definitions=[[SpykDefinition@31b32946 name = [null], typeToSpy = com.mhp.coding.challenges.dependency.notifications.EmailHandler, clear = AFTER], [SpykDefinition@4cdb439 name = [null], typeToSpy = com.mhp.coding.challenges.dependency.notifications.PushNotificationHandler, clear = AFTER]]), org.springframework.boot.test.autoconfigure.actuate.metrics.MetricsExportContextCustomizerFactory$DisableMetricExportContextCustomizer@588710d, org.springframework.boot.test.autoconfigure.properties.PropertyMappingContextCustomizer@0, org.springframework.boot.test.autoconfigure.web.servlet.WebDriverContextCustomizerFactory$Customizer@46e3f8bd, org.springframework.boot.test.context.filter.ExcludeFilterContextCustomizer@2458a4de, org.springframework.boot.test.json.DuplicateJsonObjectContextCustomizerFactory$DuplicateJsonObjectContextCustomizer@19425656, org.springframework.boot.test.mock.mockito.MockitoContextCustomizer@0], contextLoader = 'org.springframework.test.context.support.DelegatingSmartContextLoader', parent = [null]]].
20:29:42.813 [Test worker] DEBUG org.springframework.core.env.StandardEnvironment - Activating profiles []
20:29:42.813 [Test worker] DEBUG org.springframework.test.context.support.AnnotationConfigContextLoader - Registering component classes: {class com.mhp.coding.challenges.dependency.Application}
20:29:42.889 [Test worker] DEBUG org.springframework.context.support.GenericApplicationContext - Refreshing org.springframework.context.support.GenericApplicationContext@41b13efb
20:29:42.906 [Test worker] DEBUG org.springframework.beans.factory.support.DefaultListableBeanFactory - Creating shared instance of singleton bean 'org.springframework.context.annotation.internalConfigurationAnnotationProcessor'
20:29:42.991 [Test worker] DEBUG org.springframework.context.annotation.ClassPathBeanDefinitionScanner - Identified candidate component class: file [C:\Users\User\Documents\Emma\Full-stack-webdev-challenge\application\build\classes\kotlin\main\com\mhp\coding\challenges\dependency\InquiryConfig.class]
20:29:42.995 [Test worker] DEBUG org.springframework.context.annotation.ClassPathBeanDefinitionScanner - Identified candidate component class: URL [jar:file:/C:/Users/User/Documents/Emma/Full-stack-webdev-challenge/notifications/build/libs/notifications.jar!/com/mhp/coding/challenges/dependency/notifications/EmailHandler.class]
20:29:42.999 [Test worker] DEBUG org.springframework.context.annotation.ClassPathBeanDefinitionScanner - Identified candidate component class: URL [jar:file:/C:/Users/User/Documents/Emma/Full-stack-webdev-challenge/notifications/build/libs/notifications.jar!/com/mhp/coding/challenges/dependency/notifications/InquiryHandler.class]
20:29:43.001 [Test worker] DEBUG org.springframework.context.annotation.ClassPathBeanDefinitionScanner - Identified candidate component class: URL [jar:file:/C:/Users/User/Documents/Emma/Full-stack-webdev-challenge/notifications/build/libs/notifications.jar!/com/mhp/coding/challenges/dependency/notifications/PushNotificationHandler.class]
20:29:43.006 [Test worker] DEBUG org.springframework.context.annotation.ClassPathBeanDefinitionScanner - Identified candidate component class: URL [jar:file:/C:/Users/User/Documents/Emma/Full-stack-webdev-challenge/inquiry/build/libs/inquiry.jar!/com/mhp/coding/challenges/dependency/inquiry/InquiryService.class]
20:29:43.502 [Test worker] DEBUG org.springframework.beans.factory.support.DefaultListableBeanFactory - Creating shared instance of singleton bean 'propertySourcesPlaceholderConfigurer'
20:29:43.511 [Test worker] DEBUG org.springframework.beans.factory.support.DefaultListableBeanFactory - Creating shared instance of singleton bean 'com.ninjasquad.springmockk.MockkPostProcessor'
20:29:43.568 [Test worker] DEBUG org.springframework.beans.factory.support.DefaultListableBeanFactory - Creating shared instance of singleton bean 'org.springframework.boot.test.mock.mockito.MockitoPostProcessor'
20:29:43.578 [Test worker] DEBUG org.springframework.beans.factory.support.DefaultListableBeanFactory - Creating shared instance of singleton bean 'org.springframework.context.event.internalEventListenerProcessor'
20:29:43.580 [Test worker] DEBUG org.springframework.beans.factory.support.DefaultListableBeanFactory - Creating shared instance of singleton bean 'org.springframework.context.event.internalEventListenerFactory'
20:29:43.582 [Test worker] DEBUG org.springframework.beans.factory.support.DefaultListableBeanFactory - Creating shared instance of singleton bean 'org.springframework.context.annotation.internalAutowiredAnnotationProcessor'
20:29:43.584 [Test worker] DEBUG org.springframework.beans.factory.support.DefaultListableBeanFactory - Creating shared instance of singleton bean 'org.springframework.context.annotation.internalCommonAnnotationProcessor'
20:29:43.591 [Test worker] DEBUG org.springframework.beans.factory.support.DefaultListableBeanFactory - Creating shared instance of singleton bean 'com.ninjasquad.springmockk.MockkPostProcessor$SpyPostProcessor'
20:29:43.597 [Test worker] DEBUG org.springframework.beans.factory.support.DefaultListableBeanFactory - Creating shared instance of singleton bean 'org.springframework.boot.test.mock.mockito.MockitoPostProcessor$SpyPostProcessor'
20:29:43.597 [Test worker] DEBUG org.springframework.beans.factory.support.DefaultListableBeanFactory - Creating shared instance of singleton bean 'org.springframework.boot.context.properties.ConfigurationPropertiesBindingPostProcessor'
20:29:43.598 [Test worker] DEBUG org.springframework.beans.factory.support.DefaultListableBeanFactory - Creating shared instance of singleton bean 'org.springframework.boot.context.internalConfigurationPropertiesBinder'
20:29:43.598 [Test worker] DEBUG org.springframework.beans.factory.support.DefaultListableBeanFactory - Creating shared instance of singleton bean 'org.springframework.boot.context.internalConfigurationPropertiesBinderFactory'
20:29:43.605 [Test worker] DEBUG org.springframework.beans.factory.support.DefaultListableBeanFactory - Creating shared instance of singleton bean 'application'
20:29:43.645 [Test worker] DEBUG org.springframework.beans.factory.support.DefaultListableBeanFactory - Creating shared instance of singleton bean 'inquiryConfig'
20:29:43.646 [Test worker] DEBUG org.springframework.core.LocalVariableTableParameterNameDiscoverer - Cannot find '.class' file for class [class com.mhp.coding.challenges.dependency.InquiryConfig$$EnhancerBySpringCGLIB$$50c45c41] - unable to determine constructor/method parameter names
20:29:43.649 [Test worker] DEBUG org.springframework.beans.factory.support.DefaultListableBeanFactory - Creating shared instance of singleton bean 'inquiryHandler'
20:29:43.654 [Test worker] DEBUG org.springframework.beans.factory.support.DefaultListableBeanFactory - Creating shared instance of singleton bean 'inquiryService'
20:29:43.698 [Test worker] DEBUG org.springframework.beans.factory.support.DefaultListableBeanFactory - Creating shared instance of singleton bean 'emailHandler'
20:29:44.298 [Test worker] DEBUG io.mockk.impl.instantiation.AbstractMockFactory - Creating spyk for EmailHandler name=emailHandler#1
20:29:44.723 [Test worker] DEBUG org.springframework.beans.factory.support.DefaultListableBeanFactory - Creating shared instance of singleton bean 'pushNotificationHandler'
20:29:44.729 [Test worker] DEBUG io.mockk.impl.instantiation.AbstractMockFactory - Creating spyk for PushNotificationHandler name=pushNotificationHandler#2
20:29:44.748 [Test worker] DEBUG org.springframework.beans.factory.support.DefaultListableBeanFactory - Autowiring by type from bean name 'inquiryHandler' via constructor to bean named 'inquiryService'
20:29:44.748 [Test worker] DEBUG org.springframework.beans.factory.support.DefaultListableBeanFactory - Autowiring by type from bean name 'inquiryHandler' via constructor to bean named 'emailHandler'
20:29:44.748 [Test worker] DEBUG org.springframework.beans.factory.support.DefaultListableBeanFactory - Autowiring by type from bean name 'inquiryHandler' via constructor to bean named 'pushNotificationHandler'
20:29:44.752 [Test worker] DEBUG org.springframework.beans.factory.support.DefaultListableBeanFactory - Autowiring by type from bean name 'inquiryConfig' via constructor to bean named 'inquiryHandler'
20:29:44.753 [Test worker] INFO org.springframework.beans.factory.annotation.AutowiredAnnotationBeanPostProcessor - Autowired annotation should only be used on methods with parameters: public void com.mhp.coding.challenges.dependency.InquiryConfig.manageInquiry()
20:29:44.800 [Test worker] INFO com.mhp.coding.challenges.dependency.inquiry.InquiryService - User sent inquiry: Inquiry(username=TestUser, recipient=service@example.com, text=Can I haz cheezburger?)
20:29:44.930 [Test worker] INFO com.mhp.coding.challenges.dependency.notifications.EmailHandler - Sending email for: Inquiry(username=TestUser, recipient=service@example.com, text=Can I haz cheezburger?)
20:29:44.932 [Test worker] DEBUG io.mockk.impl.recording.states.AnsweringState - Answering null on EmailHandler(emailHandler#1).sendEmail(Inquiry(username=TestUser, recipient=service@example.com, text=Can I haz cheezburger?))
20:29:44.937 [Test worker] INFO com.mhp.coding.challenges.dependency.notifications.PushNotificationHandler - Sending push notification for: Inquiry(username=TestUser, recipient=service@example.com, text=Can I haz cheezburger?)
20:29:44.937 [Test worker] DEBUG io.mockk.impl.recording.states.AnsweringState - Answering null on PushNotificationHandler(pushNotificationHandler#2).sendNotification(Inquiry(username=TestUser, recipient=service@example.com, text=Can I haz cheezburger?))
20:29:44.938 [Test worker] DEBUG org.springframework.beans.factory.support.DefaultListableBeanFactory - Creating shared instance of singleton bean 'org.springframework.boot.autoconfigure.AutoConfigurationPackages'
20:29:44.940 [Test worker] DEBUG org.springframework.beans.factory.support.DefaultListableBeanFactory - Creating shared instance of singleton bean 'org.springframework.boot.autoconfigure.context.PropertyPlaceholderAutoConfiguration'
20:29:44.942 [Test worker] DEBUG org.springframework.beans.factory.support.DefaultListableBeanFactory - Creating shared instance of singleton bean 'org.springframework.boot.autoconfigure.aop.AopAutoConfiguration$ClassProxyingConfiguration'
20:29:44.943 [Test worker] DEBUG org.springframework.beans.factory.support.DefaultListableBeanFactory - Autowiring by type from bean name 'org.springframework.boot.autoconfigure.aop.AopAutoConfiguration$ClassProxyingConfiguration' via constructor to bean named 'org.springframework.beans.factory.support.DefaultListableBeanFactory@3f37085b'
20:29:44.959 [Test worker] DEBUG org.springframework.beans.factory.support.DefaultListableBeanFactory - Creating shared instance of singleton bean 'org.springframework.boot.autoconfigure.aop.AopAutoConfiguration'
20:29:44.961 [Test worker] DEBUG org.springframework.beans.factory.support.DefaultListableBeanFactory - Creating shared instance of singleton bean 'org.springframework.boot.autoconfigure.availability.ApplicationAvailabilityAutoConfiguration'
20:29:44.964 [Test worker] DEBUG org.springframework.beans.factory.support.DefaultListableBeanFactory - Creating shared instance of singleton bean 'applicationAvailability'
20:29:44.974 [Test worker] DEBUG org.springframework.beans.factory.support.DefaultListableBeanFactory - Creating shared instance of singleton bean 'org.springframework.boot.autoconfigure.context.ConfigurationPropertiesAutoConfiguration'
20:29:44.977 [Test worker] DEBUG org.springframework.beans.factory.support.DefaultListableBeanFactory - Creating shared instance of singleton bean 'org.springframework.boot.context.properties.BoundConfigurationProperties'
20:29:44.980 [Test worker] DEBUG org.springframework.beans.factory.support.DefaultListableBeanFactory - Creating shared instance of singleton bean 'org.springframework.boot.context.properties.EnableConfigurationPropertiesRegistrar.methodValidationExcludeFilter'
20:29:44.989 [Test worker] DEBUG org.springframework.beans.factory.support.DefaultListableBeanFactory - Creating shared instance of singleton bean 'org.springframework.boot.autoconfigure.context.LifecycleAutoConfiguration'
20:29:44.991 [Test worker] DEBUG org.springframework.beans.factory.support.DefaultListableBeanFactory - Creating shared instance of singleton bean 'lifecycleProcessor'
20:29:44.993 [Test worker] DEBUG org.springframework.beans.factory.support.DefaultListableBeanFactory - Creating shared instance of singleton bean 'spring.lifecycle-org.springframework.boot.autoconfigure.context.LifecycleProperties'
20:29:45.023 [Test worker] DEBUG org.springframework.beans.factory.support.DefaultListableBeanFactory - Autowiring by type from bean name 'lifecycleProcessor' via factory method to bean named 'spring.lifecycle-org.springframework.boot.autoconfigure.context.LifecycleProperties'
20:29:45.030 [Test worker] DEBUG org.springframework.beans.factory.support.DefaultListableBeanFactory - Creating shared instance of singleton bean 'org.springframework.boot.autoconfigure.info.ProjectInfoAutoConfiguration'
20:29:45.034 [Test worker] DEBUG org.springframework.beans.factory.support.DefaultListableBeanFactory - Creating shared instance of singleton bean 'spring.info-org.springframework.boot.autoconfigure.info.ProjectInfoProperties'
20:29:45.038 [Test worker] DEBUG org.springframework.beans.factory.support.DefaultListableBeanFactory - Autowiring by type from bean name 'org.springframework.boot.autoconfigure.info.ProjectInfoAutoConfiguration' via constructor to bean named 'spring.info-org.springframework.boot.autoconfigure.info.ProjectInfoProperties'
20:29:45.042 [Test worker] DEBUG org.springframework.beans.factory.support.DefaultListableBeanFactory - Creating shared instance of singleton bean 'org.springframework.boot.autoconfigure.task.TaskExecutionAutoConfiguration'
20:29:45.046 [Test worker] DEBUG org.springframework.beans.factory.support.DefaultListableBeanFactory - Creating shared instance of singleton bean 'taskExecutorBuilder'
20:29:45.046 [Test worker] DEBUG org.springframework.beans.factory.support.DefaultListableBeanFactory - Creating shared instance of singleton bean 'spring.task.execution-org.springframework.boot.autoconfigure.task.TaskExecutionProperties'
20:29:45.055 [Test worker] DEBUG org.springframework.beans.factory.support.DefaultListableBeanFactory - Autowiring by type from bean name 'taskExecutorBuilder' via factory method to bean named 'spring.task.execution-org.springframework.boot.autoconfigure.task.TaskExecutionProperties'
20:29:45.062 [Test worker] DEBUG org.springframework.beans.factory.support.DefaultListableBeanFactory - Creating shared instance of singleton bean 'org.springframework.boot.autoconfigure.task.TaskSchedulingAutoConfiguration'
20:29:45.070 [Test worker] DEBUG org.springframework.beans.factory.support.DefaultListableBeanFactory - Creating shared instance of singleton bean 'taskSchedulerBuilder'
20:29:45.071 [Test worker] DEBUG org.springframework.beans.factory.support.DefaultListableBeanFactory - Creating shared instance of singleton bean 'spring.task.scheduling-org.springframework.boot.autoconfigure.task.TaskSchedulingProperties'
20:29:45.076 [Test worker] DEBUG org.springframework.beans.factory.support.DefaultListableBeanFactory - Autowiring by type from bean name 'taskSchedulerBuilder' via factory method to bean named 'spring.task.scheduling-org.springframework.boot.autoconfigure.task.TaskSchedulingProperties'
20:29:45.098 [Test worker] DEBUG org.springframework.test.context.cache.DefaultCacheAwareContextLoaderDelegate - Storing ApplicationContext [1102135035] in cache under key [[MergedContextConfiguration@5e36cf77 testClass = InquiryTest, locations = '{}', classes = '{class com.mhp.coding.challenges.dependency.Application}', contextInitializerClasses = '[]', activeProfiles = '{}', propertySourceLocations = '{}', propertySourceProperties = '{}', contextCustomizers = set[MockkContextCustomizer(definitions=[[SpykDefinition@31b32946 name = [null], typeToSpy = com.mhp.coding.challenges.dependency.notifications.EmailHandler, clear = AFTER], [SpykDefinition@4cdb439 name = [null], typeToSpy = com.mhp.coding.challenges.dependency.notifications.PushNotificationHandler, clear = AFTER]]), org.springframework.boot.test.autoconfigure.actuate.metrics.MetricsExportContextCustomizerFactory$DisableMetricExportContextCustomizer@588710d, org.springframework.boot.test.autoconfigure.properties.PropertyMappingContextCustomizer@0, org.springframework.boot.test.autoconfigure.web.servlet.WebDriverContextCustomizerFactory$Customizer@46e3f8bd, org.springframework.boot.test.context.filter.ExcludeFilterContextCustomizer@2458a4de, org.springframework.boot.test.json.DuplicateJsonObjectContextCustomizerFactory$DuplicateJsonObjectContextCustomizer@19425656, org.springframework.boot.test.mock.mockito.MockitoContextCustomizer@0], contextLoader = 'org.springframework.test.context.support.DelegatingSmartContextLoader', parent = [null]]]
20:29:45.099 [Test worker] DEBUG org.springframework.test.context.cache - Spring test ApplicationContext cache statistics: [DefaultContextCache@260af983 size = 1, maxSize = 32, parentContextCount = 0, hitCount = 0, missCount = 1]
20:29:45.129 [Test worker] DEBUG org.springframework.test.context.cache.DefaultCacheAwareContextLoaderDelegate - Retrieved ApplicationContext [1102135035] from cache with key [[MergedContextConfiguration@5e36cf77 testClass = InquiryTest, locations = '{}', classes = '{class com.mhp.coding.challenges.dependency.Application}', contextInitializerClasses = '[]', activeProfiles = '{}', propertySourceLocations = '{}', propertySourceProperties = '{}', contextCustomizers = set[MockkContextCustomizer(definitions=[[SpykDefinition@31b32946 name = [null], typeToSpy = com.mhp.coding.challenges.dependency.notifications.EmailHandler, clear = AFTER], [SpykDefinition@4cdb439 name = [null], typeToSpy = com.mhp.coding.challenges.dependency.notifications.PushNotificationHandler, clear = AFTER]]), org.springframework.boot.test.autoconfigure.actuate.metrics.MetricsExportContextCustomizerFactory$DisableMetricExportContextCustomizer@588710d, org.springframework.boot.test.autoconfigure.properties.PropertyMappingContextCustomizer@0, org.springframework.boot.test.autoconfigure.web.servlet.WebDriverContextCustomizerFactory$Customizer@46e3f8bd, org.springframework.boot.test.context.filter.ExcludeFilterContextCustomizer@2458a4de, org.springframework.boot.test.json.DuplicateJsonObjectContextCustomizerFactory$DuplicateJsonObjectContextCustomizer@19425656, org.springframework.boot.test.mock.mockito.MockitoContextCustomizer@0], contextLoader = 'org.springframework.test.context.support.DelegatingSmartContextLoader', parent = [null]]]
20:29:45.130 [Test worker] DEBUG org.springframework.test.context.cache - Spring test ApplicationContext cache statistics: [DefaultContextCache@260af983 size = 1, maxSize = 32, parentContextCount = 0, hitCount = 1, missCount = 1]
20:29:45.134 [Test worker] DEBUG org.springframework.test.context.support.DependencyInjectionTestExecutionListener - Performing dependency injection for test context [[DefaultTestContext@5457b6f2 testClass = InquiryTest, testInstance = com.mhp.coding.challenges.dependency.InquiryTest@20c57d67, testMethod = [null], testException = [null], mergedContextConfiguration = [MergedContextConfiguration@5e36cf77 testClass = InquiryTest, locations = '{}', classes = '{class com.mhp.coding.challenges.dependency.Application}', contextInitializerClasses = '[]', activeProfiles = '{}', propertySourceLocations = '{}', propertySourceProperties = '{}', contextCustomizers = set[MockkContextCustomizer(definitions=[[SpykDefinition@31b32946 name = [null], typeToSpy = com.mhp.coding.challenges.dependency.notifications.EmailHandler, clear = AFTER], [SpykDefinition@4cdb439 name = [null], typeToSpy = com.mhp.coding.challenges.dependency.notifications.PushNotificationHandler, clear = AFTER]]), org.springframework.boot.test.autoconfigure.actuate.metrics.MetricsExportContextCustomizerFactory$DisableMetricExportContextCustomizer@588710d, org.springframework.boot.test.autoconfigure.properties.PropertyMappingContextCustomizer@0, org.springframework.boot.test.autoconfigure.web.servlet.WebDriverContextCustomizerFactory$Customizer@46e3f8bd, org.springframework.boot.test.context.filter.ExcludeFilterContextCustomizer@2458a4de, org.springframework.boot.test.json.DuplicateJsonObjectContextCustomizerFactory$DuplicateJsonObjectContextCustomizer@19425656, org.springframework.boot.test.mock.mockito.MockitoContextCustomizer@0], contextLoader = 'org.springframework.test.context.support.DelegatingSmartContextLoader', parent = [null]], attributes = map[[empty]]]].
20:29:45.134 [Test worker] DEBUG org.springframework.test.context.cache.DefaultCacheAwareContextLoaderDelegate - Retrieved ApplicationContext [1102135035] from cache with key [[MergedContextConfiguration@5e36cf77 testClass = InquiryTest, locations = '{}', classes = '{class com.mhp.coding.challenges.dependency.Application}', contextInitializerClasses = '[]', activeProfiles = '{}', propertySourceLocations = '{}', propertySourceProperties = '{}', contextCustomizers = set[MockkContextCustomizer(definitions=[[SpykDefinition@31b32946 name = [null], typeToSpy = com.mhp.coding.challenges.dependency.notifications.EmailHandler, clear = AFTER], [SpykDefinition@4cdb439 name = [null], typeToSpy = com.mhp.coding.challenges.dependency.notifications.PushNotificationHandler, clear = AFTER]]), org.springframework.boot.test.autoconfigure.actuate.metrics.MetricsExportContextCustomizerFactory$DisableMetricExportContextCustomizer@588710d, org.springframework.boot.test.autoconfigure.properties.PropertyMappingContextCustomizer@0, org.springframework.boot.test.autoconfigure.web.servlet.WebDriverContextCustomizerFactory$Customizer@46e3f8bd, org.springframework.boot.test.context.filter.ExcludeFilterContextCustomizer@2458a4de, org.springframework.boot.test.json.DuplicateJsonObjectContextCustomizerFactory$DuplicateJsonObjectContextCustomizer@19425656, org.springframework.boot.test.mock.mockito.MockitoContextCustomizer@0], contextLoader = 'org.springframework.test.context.support.DelegatingSmartContextLoader', parent = [null]]]
20:29:45.134 [Test worker] DEBUG org.springframework.test.context.cache - Spring test ApplicationContext cache statistics: [DefaultContextCache@260af983 size = 1, maxSize = 32, parentContextCount = 0, hitCount = 2, missCount = 1]
20:29:45.141 [Test worker] DEBUG org.springframework.test.context.cache.DefaultCacheAwareContextLoaderDelegate - Retrieved ApplicationContext [1102135035] from cache with key [[MergedContextConfiguration@5e36cf77 testClass = InquiryTest, locations = '{}', classes = '{class com.mhp.coding.challenges.dependency.Application}', contextInitializerClasses = '[]', activeProfiles = '{}', propertySourceLocations = '{}', propertySourceProperties = '{}', contextCustomizers = set[MockkContextCustomizer(definitions=[[SpykDefinition@31b32946 name = [null], typeToSpy = com.mhp.coding.challenges.dependency.notifications.EmailHandler, clear = AFTER], [SpykDefinition@4cdb439 name = [null], typeToSpy = com.mhp.coding.challenges.dependency.notifications.PushNotificationHandler, clear = AFTER]]), org.springframework.boot.test.autoconfigure.actuate.metrics.MetricsExportContextCustomizerFactory$DisableMetricExportContextCustomizer@588710d, org.springframework.boot.test.autoconfigure.properties.PropertyMappingContextCustomizer@0, org.springframework.boot.test.autoconfigure.web.servlet.WebDriverContextCustomizerFactory$Customizer@46e3f8bd, org.springframework.boot.test.context.filter.ExcludeFilterContextCustomizer@2458a4de, org.springframework.boot.test.json.DuplicateJsonObjectContextCustomizerFactory$DuplicateJsonObjectContextCustomizer@19425656, org.springframework.boot.test.mock.mockito.MockitoContextCustomizer@0], contextLoader = 'org.springframework.test.context.support.DelegatingSmartContextLoader', parent = [null]]]
20:29:45.141 [Test worker] DEBUG org.springframework.test.context.cache - Spring test ApplicationContext cache statistics: [DefaultContextCache@260af983 size = 1, maxSize = 32, parentContextCount = 0, hitCount = 3, missCount = 1]
20:29:45.151 [Test worker] DEBUG org.springframework.test.context.support.AbstractDirtiesContextTestExecutionListener - Before test method: context [DefaultTestContext@5457b6f2 testClass = InquiryTest, testInstance = com.mhp.coding.challenges.dependency.InquiryTest@20c57d67, testMethod = testInquiryHandlers@InquiryTest, testException = [null], mergedContextConfiguration = [MergedContextConfiguration@5e36cf77 testClass = InquiryTest, locations = '{}', classes = '{class com.mhp.coding.challenges.dependency.Application}', contextInitializerClasses = '[]', activeProfiles = '{}', propertySourceLocations = '{}', propertySourceProperties = '{}', contextCustomizers = set[MockkContextCustomizer(definitions=[[SpykDefinition@31b32946 name = [null], typeToSpy = com.mhp.coding.challenges.dependency.notifications.EmailHandler, clear = AFTER], [SpykDefinition@4cdb439 name = [null], typeToSpy = com.mhp.coding.challenges.dependency.notifications.PushNotificationHandler, clear = AFTER]]), org.springframework.boot.test.autoconfigure.actuate.metrics.MetricsExportContextCustomizerFactory$DisableMetricExportContextCustomizer@588710d, org.springframework.boot.test.autoconfigure.properties.PropertyMappingContextCustomizer@0, org.springframework.boot.test.autoconfigure.web.servlet.WebDriverContextCustomizerFactory$Customizer@46e3f8bd, org.springframework.boot.test.context.filter.ExcludeFilterContextCustomizer@2458a4de, org.springframework.boot.test.json.DuplicateJsonObjectContextCustomizerFactory$DuplicateJsonObjectContextCustomizer@19425656, org.springframework.boot.test.mock.mockito.MockitoContextCustomizer@0], contextLoader = 'org.springframework.test.context.support.DelegatingSmartContextLoader', parent = [null]], attributes = map[[empty]]], class annotated with @DirtiesContext [false] with mode [null], method annotated with @DirtiesContext [false] with mode [null].
20:29:45.153 [Test worker] DEBUG org.springframework.test.context.cache.DefaultCacheAwareContextLoaderDelegate - Retrieved ApplicationContext [1102135035] from cache with key [[MergedContextConfiguration@5e36cf77 testClass = InquiryTest, locations = '{}', classes = '{class com.mhp.coding.challenges.dependency.Application}', contextInitializerClasses = '[]', activeProfiles = '{}', propertySourceLocations = '{}', propertySourceProperties = '{}', contextCustomizers = set[MockkContextCustomizer(definitions=[[SpykDefinition@31b32946 name = [null], typeToSpy = com.mhp.coding.challenges.dependency.notifications.EmailHandler, clear = AFTER], [SpykDefinition@4cdb439 name = [null], typeToSpy = com.mhp.coding.challenges.dependency.notifications.PushNotificationHandler, clear = AFTER]]), org.springframework.boot.test.autoconfigure.actuate.metrics.MetricsExportContextCustomizerFactory$DisableMetricExportContextCustomizer@588710d, org.springframework.boot.test.autoconfigure.properties.PropertyMappingContextCustomizer@0, org.springframework.boot.test.autoconfigure.web.servlet.WebDriverContextCustomizerFactory$Customizer@46e3f8bd, org.springframework.boot.test.context.filter.ExcludeFilterContextCustomizer@2458a4de, org.springframework.boot.test.json.DuplicateJsonObjectContextCustomizerFactory$DuplicateJsonObjectContextCustomizer@19425656, org.springframework.boot.test.mock.mockito.MockitoContextCustomizer@0], contextLoader = 'org.springframework.test.context.support.DelegatingSmartContextLoader', parent = [null]]]
20:29:45.153 [Test worker] DEBUG org.springframework.test.context.cache - Spring test ApplicationContext cache statistics: [DefaultContextCache@260af983 size = 1, maxSize = 32, parentContextCount = 0, hitCount = 4, missCount = 1]
20:29:45.154 [Test worker] DEBUG org.springframework.test.context.cache.DefaultCacheAwareContextLoaderDelegate - Retrieved ApplicationContext [1102135035] from cache with key [[MergedContextConfiguration@5e36cf77 testClass = InquiryTest, locations = '{}', classes = '{class com.mhp.coding.challenges.dependency.Application}', contextInitializerClasses = '[]', activeProfiles = '{}', propertySourceLocations = '{}', propertySourceProperties = '{}', contextCustomizers = set[MockkContextCustomizer(definitions=[[SpykDefinition@31b32946 name = [null], typeToSpy = com.mhp.coding.challenges.dependency.notifications.EmailHandler, clear = AFTER], [SpykDefinition@4cdb439 name = [null], typeToSpy = com.mhp.coding.challenges.dependency.notifications.PushNotificationHandler, clear = AFTER]]), org.springframework.boot.test.autoconfigure.actuate.metrics.MetricsExportContextCustomizerFactory$DisableMetricExportContextCustomizer@588710d, org.springframework.boot.test.autoconfigure.properties.PropertyMappingContextCustomizer@0, org.springframework.boot.test.autoconfigure.web.servlet.WebDriverContextCustomizerFactory$Customizer@46e3f8bd, org.springframework.boot.test.context.filter.ExcludeFilterContextCustomizer@2458a4de, org.springframework.boot.test.json.DuplicateJsonObjectContextCustomizerFactory$DuplicateJsonObjectContextCustomizer@19425656, org.springframework.boot.test.mock.mockito.MockitoContextCustomizer@0], contextLoader = 'org.springframework.test.context.support.DelegatingSmartContextLoader', parent = [null]]]
20:29:45.154 [Test worker] DEBUG org.springframework.test.context.cache - Spring test ApplicationContext cache statistics: [DefaultContextCache@260af983 size = 1, maxSize = 32, parentContextCount = 0, hitCount = 5, missCount = 1]
20:29:45.159 [Test worker] DEBUG org.springframework.test.context.cache.DefaultCacheAwareContextLoaderDelegate - Retrieved ApplicationContext [1102135035] from cache with key [[MergedContextConfiguration@5e36cf77 testClass = InquiryTest, locations = '{}', classes = '{class com.mhp.coding.challenges.dependency.Application}', contextInitializerClasses = '[]', activeProfiles = '{}', propertySourceLocations = '{}', propertySourceProperties = '{}', contextCustomizers = set[MockkContextCustomizer(definitions=[[SpykDefinition@31b32946 name = [null], typeToSpy = com.mhp.coding.challenges.dependency.notifications.EmailHandler, clear = AFTER], [SpykDefinition@4cdb439 name = [null], typeToSpy = com.mhp.coding.challenges.dependency.notifications.PushNotificationHandler, clear = AFTER]]), org.springframework.boot.test.autoconfigure.actuate.metrics.MetricsExportContextCustomizerFactory$DisableMetricExportContextCustomizer@588710d, org.springframework.boot.test.autoconfigure.properties.PropertyMappingContextCustomizer@0, org.springframework.boot.test.autoconfigure.web.servlet.WebDriverContextCustomizerFactory$Customizer@46e3f8bd, org.springframework.boot.test.context.filter.ExcludeFilterContextCustomizer@2458a4de, org.springframework.boot.test.json.DuplicateJsonObjectContextCustomizerFactory$DuplicateJsonObjectContextCustomizer@19425656, org.springframework.boot.test.mock.mockito.MockitoContextCustomizer@0], contextLoader = 'org.springframework.test.context.support.DelegatingSmartContextLoader', parent = [null]]]
20:29:45.159 [Test worker] DEBUG org.springframework.test.context.cache - Spring test ApplicationContext cache statistics: [DefaultContextCache@260af983 size = 1, maxSize = 32, parentContextCount = 0, hitCount = 6, missCount = 1]
20:29:45.172 [Test worker] INFO com.mhp.coding.challenges.dependency.inquiry.InquiryService - User sent inquiry: Inquiry(username=TestUser, recipient=service@example.com, text=Can I haz cheezburger?)
20:29:45.233 [Test worker] DEBUG org.springframework.test.context.cache.DefaultCacheAwareContextLoaderDelegate - Retrieved ApplicationContext [1102135035] from cache with key [[MergedContextConfiguration@5e36cf77 testClass = InquiryTest, locations = '{}', classes = '{class com.mhp.coding.challenges.dependency.Application}', contextInitializerClasses = '[]', activeProfiles = '{}', propertySourceLocations = '{}', propertySourceProperties = '{}', contextCustomizers = set[MockkContextCustomizer(definitions=[[SpykDefinition@31b32946 name = [null], typeToSpy = com.mhp.coding.challenges.dependency.notifications.EmailHandler, clear = AFTER], [SpykDefinition@4cdb439 name = [null], typeToSpy = com.mhp.coding.challenges.dependency.notifications.PushNotificationHandler, clear = AFTER]]), org.springframework.boot.test.autoconfigure.actuate.metrics.MetricsExportContextCustomizerFactory$DisableMetricExportContextCustomizer@588710d, org.springframework.boot.test.autoconfigure.properties.PropertyMappingContextCustomizer@0, org.springframework.boot.test.autoconfigure.web.servlet.WebDriverContextCustomizerFactory$Customizer@46e3f8bd, org.springframework.boot.test.context.filter.ExcludeFilterContextCustomizer@2458a4de, org.springframework.boot.test.json.DuplicateJsonObjectContextCustomizerFactory$DuplicateJsonObjectContextCustomizer@19425656, org.springframework.boot.test.mock.mockito.MockitoContextCustomizer@0], contextLoader = 'org.springframework.test.context.support.DelegatingSmartContextLoader', parent = [null]]]
20:29:45.233 [Test worker] DEBUG org.springframework.test.context.cache - Spring test ApplicationContext cache statistics: [DefaultContextCache@260af983 size = 1, maxSize = 32, parentContextCount = 0, hitCount = 7, missCount = 1]
20:29:45.234 [Test worker] DEBUG org.springframework.test.context.cache.DefaultCacheAwareContextLoaderDelegate - Retrieved ApplicationContext [1102135035] from cache with key [[MergedContextConfiguration@5e36cf77 testClass = InquiryTest, locations = '{}', classes = '{class com.mhp.coding.challenges.dependency.Application}', contextInitializerClasses = '[]', activeProfiles = '{}', propertySourceLocations = '{}', propertySourceProperties = '{}', contextCustomizers = set[MockkContextCustomizer(definitions=[[SpykDefinition@31b32946 name = [null], typeToSpy = com.mhp.coding.challenges.dependency.notifications.EmailHandler, clear = AFTER], [SpykDefinition@4cdb439 name = [null], typeToSpy = com.mhp.coding.challenges.dependency.notifications.PushNotificationHandler, clear = AFTER]]), org.springframework.boot.test.autoconfigure.actuate.metrics.MetricsExportContextCustomizerFactory$DisableMetricExportContextCustomizer@588710d, org.springframework.boot.test.autoconfigure.properties.PropertyMappingContextCustomizer@0, org.springframework.boot.test.autoconfigure.web.servlet.WebDriverContextCustomizerFactory$Customizer@46e3f8bd, org.springframework.boot.test.context.filter.ExcludeFilterContextCustomizer@2458a4de, org.springframework.boot.test.json.DuplicateJsonObjectContextCustomizerFactory$DuplicateJsonObjectContextCustomizer@19425656, org.springframework.boot.test.mock.mockito.MockitoContextCustomizer@0], contextLoader = 'org.springframework.test.context.support.DelegatingSmartContextLoader', parent = [null]]]
20:29:45.235 [Test worker] DEBUG org.springframework.test.context.cache - Spring test ApplicationContext cache statistics: [DefaultContextCache@260af983 size = 1, maxSize = 32, parentContextCount = 0, hitCount = 8, missCount = 1]
20:29:45.235 [Test worker] DEBUG org.springframework.test.context.cache.DefaultCacheAwareContextLoaderDelegate - Retrieved ApplicationContext [1102135035] from cache with key [[MergedContextConfiguration@5e36cf77 testClass = InquiryTest, locations = '{}', classes = '{class com.mhp.coding.challenges.dependency.Application}', contextInitializerClasses = '[]', activeProfiles = '{}', propertySourceLocations = '{}', propertySourceProperties = '{}', contextCustomizers = set[MockkContextCustomizer(definitions=[[SpykDefinition@31b32946 name = [null], typeToSpy = com.mhp.coding.challenges.dependency.notifications.EmailHandler, clear = AFTER], [SpykDefinition@4cdb439 name = [null], typeToSpy = com.mhp.coding.challenges.dependency.notifications.PushNotificationHandler, clear = AFTER]]), org.springframework.boot.test.autoconfigure.actuate.metrics.MetricsExportContextCustomizerFactory$DisableMetricExportContextCustomizer@588710d, org.springframework.boot.test.autoconfigure.properties.PropertyMappingContextCustomizer@0, org.springframework.boot.test.autoconfigure.web.servlet.WebDriverContextCustomizerFactory$Customizer@46e3f8bd, org.springframework.boot.test.context.filter.ExcludeFilterContextCustomizer@2458a4de, org.springframework.boot.test.json.DuplicateJsonObjectContextCustomizerFactory$DuplicateJsonObjectContextCustomizer@19425656, org.springframework.boot.test.mock.mockito.MockitoContextCustomizer@0], contextLoader = 'org.springframework.test.context.support.DelegatingSmartContextLoader', parent = [null]]]
20:29:45.235 [Test worker] DEBUG org.springframework.test.context.cache - Spring test ApplicationContext cache statistics: [DefaultContextCache@260af983 size = 1, maxSize = 32, parentContextCount = 0, hitCount = 9, missCount = 1]
20:29:45.237 [Test worker] DEBUG org.springframework.test.context.cache.DefaultCacheAwareContextLoaderDelegate - Retrieved ApplicationContext [1102135035] from cache with key [[MergedContextConfiguration@5e36cf77 testClass = InquiryTest, locations = '{}', classes = '{class com.mhp.coding.challenges.dependency.Application}', contextInitializerClasses = '[]', activeProfiles = '{}', propertySourceLocations = '{}', propertySourceProperties = '{}', contextCustomizers = set[MockkContextCustomizer(definitions=[[SpykDefinition@31b32946 name = [null], typeToSpy = com.mhp.coding.challenges.dependency.notifications.EmailHandler, clear = AFTER], [SpykDefinition@4cdb439 name = [null], typeToSpy = com.mhp.coding.challenges.dependency.notifications.PushNotificationHandler, clear = AFTER]]), org.springframework.boot.test.autoconfigure.actuate.metrics.MetricsExportContextCustomizerFactory$DisableMetricExportContextCustomizer@588710d, org.springframework.boot.test.autoconfigure.properties.PropertyMappingContextCustomizer@0, org.springframework.boot.test.autoconfigure.web.servlet.WebDriverContextCustomizerFactory$Customizer@46e3f8bd, org.springframework.boot.test.context.filter.ExcludeFilterContextCustomizer@2458a4de, org.springframework.boot.test.json.DuplicateJsonObjectContextCustomizerFactory$DuplicateJsonObjectContextCustomizer@19425656, org.springframework.boot.test.mock.mockito.MockitoContextCustomizer@0], contextLoader = 'org.springframework.test.context.support.DelegatingSmartContextLoader', parent = [null]]]
20:29:45.237 [Test worker] DEBUG org.springframework.test.context.cache - Spring test ApplicationContext cache statistics: [DefaultContextCache@260af983 size = 1, maxSize = 32, parentContextCount = 0, hitCount = 10, missCount = 1]
20:29:45.239 [Test worker] DEBUG org.springframework.test.context.cache.DefaultCacheAwareContextLoaderDelegate - Retrieved ApplicationContext [1102135035] from cache with key [[MergedContextConfiguration@5e36cf77 testClass = InquiryTest, locations = '{}', classes = '{class com.mhp.coding.challenges.dependency.Application}', contextInitializerClasses = '[]', activeProfiles = '{}', propertySourceLocations = '{}', propertySourceProperties = '{}', contextCustomizers = set[MockkContextCustomizer(definitions=[[SpykDefinition@31b32946 name = [null], typeToSpy = com.mhp.coding.challenges.dependency.notifications.EmailHandler, clear = AFTER], [SpykDefinition@4cdb439 name = [null], typeToSpy = com.mhp.coding.challenges.dependency.notifications.PushNotificationHandler, clear = AFTER]]), org.springframework.boot.test.autoconfigure.actuate.metrics.MetricsExportContextCustomizerFactory$DisableMetricExportContextCustomizer@588710d, org.springframework.boot.test.autoconfigure.properties.PropertyMappingContextCustomizer@0, org.springframework.boot.test.autoconfigure.web.servlet.WebDriverContextCustomizerFactory$Customizer@46e3f8bd, org.springframework.boot.test.context.filter.ExcludeFilterContextCustomizer@2458a4de, org.springframework.boot.test.json.DuplicateJsonObjectContextCustomizerFactory$DuplicateJsonObjectContextCustomizer@19425656, org.springframework.boot.test.mock.mockito.MockitoContextCustomizer@0], contextLoader = 'org.springframework.test.context.support.DelegatingSmartContextLoader', parent = [null]]]
20:29:45.240 [Test worker] DEBUG org.springframework.test.context.cache - Spring test ApplicationContext cache statistics: [DefaultContextCache@260af983 size = 1, maxSize = 32, parentContextCount = 0, hitCount = 11, missCount = 1]
20:29:45.243 [Test worker] DEBUG io.mockk.impl.stub.CommonClearer - Clearing [EmailHandler(emailHandler#1)] mocks ClearOptions(answers=true, recordedCalls=true, childMocks=true, verificationMarks=true, exclusionRules=true)
20:29:45.244 [Test worker] DEBUG io.mockk.impl.stub.CommonClearer - Clearing [PushNotificationHandler(pushNotificationHandler#2)] mocks ClearOptions(answers=true, recordedCalls=true, childMocks=true, verificationMarks=true, exclusionRules=true)
20:29:45.245 [Test worker] DEBUG org.springframework.test.context.cache.DefaultCacheAwareContextLoaderDelegate - Retrieved ApplicationContext [1102135035] from cache with key [[MergedContextConfiguration@5e36cf77 testClass = InquiryTest, locations = '{}', classes = '{class com.mhp.coding.challenges.dependency.Application}', contextInitializerClasses = '[]', activeProfiles = '{}', propertySourceLocations = '{}', propertySourceProperties = '{}', contextCustomizers = set[MockkContextCustomizer(definitions=[[SpykDefinition@31b32946 name = [null], typeToSpy = com.mhp.coding.challenges.dependency.notifications.EmailHandler, clear = AFTER], [SpykDefinition@4cdb439 name = [null], typeToSpy = com.mhp.coding.challenges.dependency.notifications.PushNotificationHandler, clear = AFTER]]), org.springframework.boot.test.autoconfigure.actuate.metrics.MetricsExportContextCustomizerFactory$DisableMetricExportContextCustomizer@588710d, org.springframework.boot.test.autoconfigure.properties.PropertyMappingContextCustomizer@0, org.springframework.boot.test.autoconfigure.web.servlet.WebDriverContextCustomizerFactory$Customizer@46e3f8bd, org.springframework.boot.test.context.filter.ExcludeFilterContextCustomizer@2458a4de, org.springframework.boot.test.json.DuplicateJsonObjectContextCustomizerFactory$DuplicateJsonObjectContextCustomizer@19425656, org.springframework.boot.test.mock.mockito.MockitoContextCustomizer@0], contextLoader = 'org.springframework.test.context.support.DelegatingSmartContextLoader', parent = [null]]]
20:29:45.246 [Test worker] DEBUG org.springframework.test.context.cache - Spring test ApplicationContext cache statistics: [DefaultContextCache@260af983 size = 1, maxSize = 32, parentContextCount = 0, hitCount = 12, missCount = 1]
20:29:45.248 [Test worker] DEBUG org.springframework.test.context.support.AbstractDirtiesContextTestExecutionListener - After test method: context [DefaultTestContext@5457b6f2 testClass = InquiryTest, testInstance = com.mhp.coding.challenges.dependency.InquiryTest@20c57d67, testMethod = testInquiryHandlers@InquiryTest, testException = [null], mergedContextConfiguration = [MergedContextConfiguration@5e36cf77 testClass = InquiryTest, locations = '{}', classes = '{class com.mhp.coding.challenges.dependency.Application}', contextInitializerClasses = '[]', activeProfiles = '{}', propertySourceLocations = '{}', propertySourceProperties = '{}', contextCustomizers = set[MockkContextCustomizer(definitions=[[SpykDefinition@31b32946 name = [null], typeToSpy = com.mhp.coding.challenges.dependency.notifications.EmailHandler, clear = AFTER], [SpykDefinition@4cdb439 name = [null], typeToSpy = com.mhp.coding.challenges.dependency.notifications.PushNotificationHandler, clear = AFTER]]), org.springframework.boot.test.autoconfigure.actuate.metrics.MetricsExportContextCustomizerFactory$DisableMetricExportContextCustomizer@588710d, org.springframework.boot.test.autoconfigure.properties.PropertyMappingContextCustomizer@0, org.springframework.boot.test.autoconfigure.web.servlet.WebDriverContextCustomizerFactory$Customizer@46e3f8bd, org.springframework.boot.test.context.filter.ExcludeFilterContextCustomizer@2458a4de, org.springframework.boot.test.json.DuplicateJsonObjectContextCustomizerFactory$DuplicateJsonObjectContextCustomizer@19425656, org.springframework.boot.test.mock.mockito.MockitoContextCustomizer@0], contextLoader = 'org.springframework.test.context.support.DelegatingSmartContextLoader', parent = [null]], attributes = map[[empty]]], class annotated with @DirtiesContext [false] with mode [null], method annotated with @DirtiesContext [false] with mode [null].
20:29:45.257 [Test worker] DEBUG org.springframework.test.context.cache.DefaultCacheAwareContextLoaderDelegate - Retrieved ApplicationContext [1102135035] from cache with key [[MergedContextConfiguration@5e36cf77 testClass = InquiryTest, locations = '{}', classes = '{class com.mhp.coding.challenges.dependency.Application}', contextInitializerClasses = '[]', activeProfiles = '{}', propertySourceLocations = '{}', propertySourceProperties = '{}', contextCustomizers = set[MockkContextCustomizer(definitions=[[SpykDefinition@31b32946 name = [null], typeToSpy = com.mhp.coding.challenges.dependency.notifications.EmailHandler, clear = AFTER], [SpykDefinition@4cdb439 name = [null], typeToSpy = com.mhp.coding.challenges.dependency.notifications.PushNotificationHandler, clear = AFTER]]), org.springframework.boot.test.autoconfigure.actuate.metrics.MetricsExportContextCustomizerFactory$DisableMetricExportContextCustomizer@588710d, org.springframework.boot.test.autoconfigure.properties.PropertyMappingContextCustomizer@0, org.springframework.boot.test.autoconfigure.web.servlet.WebDriverContextCustomizerFactory$Customizer@46e3f8bd, org.springframework.boot.test.context.filter.ExcludeFilterContextCustomizer@2458a4de, org.springframework.boot.test.json.DuplicateJsonObjectContextCustomizerFactory$DuplicateJsonObjectContextCustomizer@19425656, org.springframework.boot.test.mock.mockito.MockitoContextCustomizer@0], contextLoader = 'org.springframework.test.context.support.DelegatingSmartContextLoader', parent = [null]]]
20:29:45.258 [Test worker] DEBUG org.springframework.test.context.cache - Spring test ApplicationContext cache statistics: [DefaultContextCache@260af983 size = 1, maxSize = 32, parentContextCount = 0, hitCount = 13, missCount = 1]
20:29:45.259 [Test worker] DEBUG org.springframework.test.context.support.AbstractDirtiesContextTestExecutionListener - After test class: context [DefaultTestContext@5457b6f2 testClass = InquiryTest, testInstance = [null], testMethod = [null], testException = [null], mergedContextConfiguration = [MergedContextConfiguration@5e36cf77 testClass = InquiryTest, locations = '{}', classes = '{class com.mhp.coding.challenges.dependency.Application}', contextInitializerClasses = '[]', activeProfiles = '{}', propertySourceLocations = '{}', propertySourceProperties = '{}', contextCustomizers = set[MockkContextCustomizer(definitions=[[SpykDefinition@31b32946 name = [null], typeToSpy = com.mhp.coding.challenges.dependency.notifications.EmailHandler, clear = AFTER], [SpykDefinition@4cdb439 name = [null], typeToSpy = com.mhp.coding.challenges.dependency.notifications.PushNotificationHandler, clear = AFTER]]), org.springframework.boot.test.autoconfigure.actuate.metrics.MetricsExportContextCustomizerFactory$DisableMetricExportContextCustomizer@588710d, org.springframework.boot.test.autoconfigure.properties.PropertyMappingContextCustomizer@0, org.springframework.boot.test.autoconfigure.web.servlet.WebDriverContextCustomizerFactory$Customizer@46e3f8bd, org.springframework.boot.test.context.filter.ExcludeFilterContextCustomizer@2458a4de, org.springframework.boot.test.json.DuplicateJsonObjectContextCustomizerFactory$DuplicateJsonObjectContextCustomizer@19425656, org.springframework.boot.test.mock.mockito.MockitoContextCustomizer@0], contextLoader = 'org.springframework.test.context.support.DelegatingSmartContextLoader', parent = [null]], attributes = map[[empty]]], class annotated with @DirtiesContext [false] with mode [null].
]]></system-out>
  <system-err><![CDATA[]]></system-err>
</testsuite>
